;  LST file generated by mikroListExporter - v.2.0 
; Date/Time: 10/17/2018 5:26:56 PM
;----------------------------------------------

;Address Opcode 	ASM
0x0000	0x2BE2      	GOTO       994
_Delay_1us:
0x0003	0x0000      	NOP
0x0004	0x0000      	NOP
L_end_Delay_1us:
0x0005	0x0008      	RETURN
; end of _Delay_1us
_Delay_50us:
0x0006	0x3021      	MOVLW      33
0x0007	0x1283      	BCF        STATUS, 5
0x0008	0x1303      	BCF        STATUS, 6
0x0009	0x00FD      	MOVWF      R13
L_Delay_50us2:
0x000A	0x0BFD      	DECFSZ     R13, 1
0x000B	0x280A      	GOTO       L_Delay_50us2
L_end_Delay_50us:
0x000C	0x0008      	RETURN
; end of _Delay_50us
_Delay_5500us:
0x000D	0x300F      	MOVLW      15
0x000E	0x1283      	BCF        STATUS, 5
0x000F	0x1303      	BCF        STATUS, 6
0x0010	0x00FC      	MOVWF      R12
0x0011	0x3047      	MOVLW      71
0x0012	0x00FD      	MOVWF      R13
L_Delay_5500us5:
0x0013	0x0BFD      	DECFSZ     R13, 1
0x0014	0x2813      	GOTO       L_Delay_5500us5
0x0015	0x0BFC      	DECFSZ     R12, 1
0x0016	0x2813      	GOTO       L_Delay_5500us5
0x0017	0x0000      	NOP
0x0018	0x0000      	NOP
L_end_Delay_5500us:
0x0019	0x0008      	RETURN
; end of _Delay_5500us
_Mul_16X16_U:
0x001A	0x1283      	BCF        STATUS, 5
0x001B	0x1303      	BCF        STATUS, 6
0x001C	0x01FB      	CLRF       R11
0x001D	0x01FA      	CLRF       R10
0x001E	0x01F9      	CLRF       R9
0x001F	0x3080      	MOVLW      128
0x0020	0x00F8      	MOVWF      R8
0x0021	0x0CF1      	RRF        R1, 1
0x0022	0x0CF0      	RRF        R0, 1
0x0023	0x1C03      	BTFSS      STATUS, 0
0x0024	0x282E      	GOTO       $+10
0x0025	0x0874      	MOVF       R4, 0
0x0026	0x07F9      	ADDWF      R9, 1
0x0027	0x0875      	MOVF       R5, 0
0x0028	0x1803      	BTFSC      STATUS, 0
0x0029	0x0F75      	INCFSZ     R5, 0
0x002A	0x07FA      	ADDWF      R10, 1
0x002B	0x1803      	BTFSC      STATUS, 0
0x002C	0x0AFB      	INCF       R11, 1
0x002D	0x1003      	BCF        STATUS, 0
0x002E	0x1FF0      	BTFSS      R0, 7
0x002F	0x2836      	GOTO       $+7
0x0030	0x0874      	MOVF       R4, 0
0x0031	0x07FA      	ADDWF      R10, 1
0x0032	0x0875      	MOVF       R5, 0
0x0033	0x1803      	BTFSC      STATUS, 0
0x0034	0x0F75      	INCFSZ     R5, 0
0x0035	0x07FB      	ADDWF      R11, 1
0x0036	0x0CFB      	RRF        R11, 1
0x0037	0x0CFA      	RRF        R10, 1
0x0038	0x0CF9      	RRF        R9, 1
0x0039	0x0CF8      	RRF        R8, 1
0x003A	0x1C03      	BTFSS      STATUS, 0
0x003B	0x2821      	GOTO       $-26
0x003C	0x087B      	MOVF       R11, 0
0x003D	0x00F3      	MOVWF      R3
0x003E	0x087A      	MOVF       R10, 0
0x003F	0x00F2      	MOVWF      R2
0x0040	0x0879      	MOVF       R9, 0
0x0041	0x00F1      	MOVWF      R1
0x0042	0x0878      	MOVF       R8, 0
0x0043	0x00F0      	MOVWF      R0
L_end_Mul_16X16_U:
0x0044	0x0008      	RETURN
; end of _Mul_16X16_U
_Lcd_Cmd:
0x0045	0x1683      	BSF        STATUS, 5
0x0046	0x1303      	BCF        STATUS, 6
0x0047	0x1BB8      	BTFSC      FARG_Lcd_Cmd_out_char, 7
0x0048	0x284C      	GOTO       L__Lcd_Cmd21
0x0049	0x1283      	BCF        STATUS, 5
0x004A	0x1006      	BCF        LCD_D7, BitPos(LCD_D7+0)
0x004B	0x284E      	GOTO       L__Lcd_Cmd22
L__Lcd_Cmd21:
0x004C	0x1283      	BCF        STATUS, 5
0x004D	0x1406      	BSF        LCD_D7, BitPos(LCD_D7+0)
L__Lcd_Cmd22:
0x004E	0x1683      	BSF        STATUS, 5
0x004F	0x1B38      	BTFSC      FARG_Lcd_Cmd_out_char, 6
0x0050	0x2854      	GOTO       L__Lcd_Cmd23
0x0051	0x1283      	BCF        STATUS, 5
0x0052	0x1086      	BCF        LCD_D6, BitPos(LCD_D6+0)
0x0053	0x2856      	GOTO       L__Lcd_Cmd24
L__Lcd_Cmd23:
0x0054	0x1283      	BCF        STATUS, 5
0x0055	0x1486      	BSF        LCD_D6, BitPos(LCD_D6+0)
L__Lcd_Cmd24:
0x0056	0x1683      	BSF        STATUS, 5
0x0057	0x1AB8      	BTFSC      FARG_Lcd_Cmd_out_char, 5
0x0058	0x285C      	GOTO       L__Lcd_Cmd25
0x0059	0x1283      	BCF        STATUS, 5
0x005A	0x1106      	BCF        LCD_D5, BitPos(LCD_D5+0)
0x005B	0x285E      	GOTO       L__Lcd_Cmd26
L__Lcd_Cmd25:
0x005C	0x1283      	BCF        STATUS, 5
0x005D	0x1506      	BSF        LCD_D5, BitPos(LCD_D5+0)
L__Lcd_Cmd26:
0x005E	0x1683      	BSF        STATUS, 5
0x005F	0x1A38      	BTFSC      FARG_Lcd_Cmd_out_char, 4
0x0060	0x2864      	GOTO       L__Lcd_Cmd27
0x0061	0x1283      	BCF        STATUS, 5
0x0062	0x1186      	BCF        LCD_D4, BitPos(LCD_D4+0)
0x0063	0x2866      	GOTO       L__Lcd_Cmd28
L__Lcd_Cmd27:
0x0064	0x1283      	BCF        STATUS, 5
0x0065	0x1586      	BSF        LCD_D4, BitPos(LCD_D4+0)
L__Lcd_Cmd28:
0x0066	0x186F      	BTFSC      __Lib_Lcd_cmd_status, BitPos(__Lib_Lcd_cmd_status+0)
0x0067	0x286A      	GOTO       L__Lcd_Cmd29
0x0068	0x1686      	BSF        LCD_RS, BitPos(LCD_RS+0)
0x0069	0x286B      	GOTO       L__Lcd_Cmd30
L__Lcd_Cmd29:
0x006A	0x1286      	BCF        LCD_RS, BitPos(LCD_RS+0)
L__Lcd_Cmd30:
0x006B	0x1606      	BSF        LCD_EN, BitPos(LCD_EN+0)
0x006C	0x2003      	CALL       _Delay_1us
0x006D	0x1206      	BCF        LCD_EN, BitPos(LCD_EN+0)
0x006E	0x1683      	BSF        STATUS, 5
0x006F	0x19B8      	BTFSC      FARG_Lcd_Cmd_out_char, 3
0x0070	0x2874      	GOTO       L__Lcd_Cmd31
0x0071	0x1283      	BCF        STATUS, 5
0x0072	0x1006      	BCF        LCD_D7, BitPos(LCD_D7+0)
0x0073	0x2876      	GOTO       L__Lcd_Cmd32
L__Lcd_Cmd31:
0x0074	0x1283      	BCF        STATUS, 5
0x0075	0x1406      	BSF        LCD_D7, BitPos(LCD_D7+0)
L__Lcd_Cmd32:
0x0076	0x1683      	BSF        STATUS, 5
0x0077	0x1938      	BTFSC      FARG_Lcd_Cmd_out_char, 2
0x0078	0x287C      	GOTO       L__Lcd_Cmd33
0x0079	0x1283      	BCF        STATUS, 5
0x007A	0x1086      	BCF        LCD_D6, BitPos(LCD_D6+0)
0x007B	0x287E      	GOTO       L__Lcd_Cmd34
L__Lcd_Cmd33:
0x007C	0x1283      	BCF        STATUS, 5
0x007D	0x1486      	BSF        LCD_D6, BitPos(LCD_D6+0)
L__Lcd_Cmd34:
0x007E	0x1683      	BSF        STATUS, 5
0x007F	0x18B8      	BTFSC      FARG_Lcd_Cmd_out_char, 1
0x0080	0x2884      	GOTO       L__Lcd_Cmd35
0x0081	0x1283      	BCF        STATUS, 5
0x0082	0x1106      	BCF        LCD_D5, BitPos(LCD_D5+0)
0x0083	0x2886      	GOTO       L__Lcd_Cmd36
L__Lcd_Cmd35:
0x0084	0x1283      	BCF        STATUS, 5
0x0085	0x1506      	BSF        LCD_D5, BitPos(LCD_D5+0)
L__Lcd_Cmd36:
0x0086	0x1683      	BSF        STATUS, 5
0x0087	0x1838      	BTFSC      FARG_Lcd_Cmd_out_char, 0
0x0088	0x288C      	GOTO       L__Lcd_Cmd37
0x0089	0x1283      	BCF        STATUS, 5
0x008A	0x1186      	BCF        LCD_D4, BitPos(LCD_D4+0)
0x008B	0x288E      	GOTO       L__Lcd_Cmd38
L__Lcd_Cmd37:
0x008C	0x1283      	BCF        STATUS, 5
0x008D	0x1586      	BSF        LCD_D4, BitPos(LCD_D4+0)
L__Lcd_Cmd38:
0x008E	0x186F      	BTFSC      __Lib_Lcd_cmd_status, BitPos(__Lib_Lcd_cmd_status+0)
0x008F	0x2892      	GOTO       L__Lcd_Cmd39
0x0090	0x1686      	BSF        LCD_RS, BitPos(LCD_RS+0)
0x0091	0x2893      	GOTO       L__Lcd_Cmd40
L__Lcd_Cmd39:
0x0092	0x1286      	BCF        LCD_RS, BitPos(LCD_RS+0)
L__Lcd_Cmd40:
0x0093	0x1606      	BSF        LCD_EN, BitPos(LCD_EN+0)
0x0094	0x2003      	CALL       _Delay_1us
0x0095	0x1206      	BCF        LCD_EN, BitPos(LCD_EN+0)
0x0096	0x1C6F      	BTFSS      __Lib_Lcd_cmd_status, BitPos(__Lib_Lcd_cmd_status+0)
0x0097	0x289A      	GOTO       L_Lcd_Cmd0
0x0098	0x200D      	CALL       _Delay_5500us
0x0099	0x289B      	GOTO       L_Lcd_Cmd1
L_Lcd_Cmd0:
0x009A	0x2006      	CALL       _Delay_50us
L_Lcd_Cmd1:
L_end_Lcd_Cmd:
0x009B	0x0008      	RETURN
; end of _Lcd_Cmd
_Delay_22us:
0x009C	0x300E      	MOVLW      14
0x009D	0x1283      	BCF        STATUS, 5
0x009E	0x1303      	BCF        STATUS, 6
0x009F	0x00FD      	MOVWF      R13
L_Delay_22us1:
0x00A0	0x0BFD      	DECFSZ     R13, 1
0x00A1	0x28A0      	GOTO       L_Delay_22us1
0x00A2	0x0000      	NOP
L_end_Delay_22us:
0x00A3	0x0008      	RETURN
; end of _Delay_22us
_____DoICP:
0x00A4	0x1283      	BCF        STATUS, 5
0x00A5	0x1303      	BCF        STATUS, 6
0x00A6	0x0866      	MOVF       ___DoICPAddr+1, 0
0x00A7	0x008A      	MOVWF      PCLATH
0x00A8	0x0865      	MOVF       ___DoICPAddr, 0
0x00A9	0x0082      	MOVWF      PCL
L_end_____DoICP:
0x00AA	0x0008      	RETURN
; end of _____DoICP
_ADC_Read:
0x00AB	0x1283      	BCF        STATUS, 5
0x00AC	0x1303      	BCF        STATUS, 6
0x00AD	0x019F      	CLRF       ADCON0
0x00AE	0x30C0      	MOVLW      192
0x00AF	0x049F      	IORWF      ADCON0, 1
0x00B0	0x092E      	COMF       _vref_mask, 0
0x00B1	0x00F0      	MOVWF      R0
0x00B2	0x0870      	MOVF       R0, 0
0x00B3	0x1683      	BSF        STATUS, 5
0x00B4	0x059F      	ANDWF      ADCON1, 1
0x00B5	0x171F      	BSF        ADCON1, 6
0x00B6	0x179F      	BSF        ADCON1, 7
0x00B7	0x0837      	MOVF       FARG_ADC_Read_channel, 0
0x00B8	0x00F0      	MOVWF      R0
0x00B9	0x0DF0      	RLF        R0, 1
0x00BA	0x1070      	BCF        R0, 0
0x00BB	0x0DF0      	RLF        R0, 1
0x00BC	0x1070      	BCF        R0, 0
0x00BD	0x0DF0      	RLF        R0, 1
0x00BE	0x1070      	BCF        R0, 0
0x00BF	0x0870      	MOVF       R0, 0
0x00C0	0x1283      	BCF        STATUS, 5
0x00C1	0x049F      	IORWF      ADCON0, 1
0x00C2	0x141F      	BSF        ADCON0, 0
0x00C3	0x209C      	CALL       _Delay_22us
0x00C4	0x151F      	BSF        ADCON0, 2
L_ADC_Read2:
0x00C5	0x1D1F      	BTFSS      ADCON0, 2
0x00C6	0x28C9      	GOTO       L_ADC_Read3
0x00C7	0x0000      	NOP
0x00C8	0x28C5      	GOTO       L_ADC_Read2
L_ADC_Read3:
0x00C9	0x101F      	BCF        ADCON0, 0
0x00CA	0x081E      	MOVF       ADRESH, 0
0x00CB	0x00F1      	MOVWF      R0+1
0x00CC	0x01F0      	CLRF       R0
0x00CD	0x1683      	BSF        STATUS, 5
0x00CE	0x081E      	MOVF       ADRESL, 0
0x00CF	0x04F0      	IORWF      R0, 1
0x00D0	0x3000      	MOVLW      0
0x00D1	0x04F1      	IORWF      R0+1, 1
L_end_ADC_Read:
0x00D2	0x0008      	RETURN
; end of _ADC_Read
_Lcd_Chr_CP:
0x00D3	0x1283      	BCF        STATUS, 5
0x00D4	0x1303      	BCF        STATUS, 6
0x00D5	0x106F      	BCF        __Lib_Lcd_cmd_status, BitPos(__Lib_Lcd_cmd_status+0)
0x00D6	0x1683      	BSF        STATUS, 5
0x00D7	0x0837      	MOVF       FARG_Lcd_Chr_CP_out_char, 0
0x00D8	0x00B8      	MOVWF      FARG_Lcd_Cmd_out_char
0x00D9	0x2045      	CALL       _Lcd_Cmd
0x00DA	0x146F      	BSF        __Lib_Lcd_cmd_status, BitPos(__Lib_Lcd_cmd_status+0)
L_end_Lcd_Chr_CP:
0x00DB	0x0008      	RETURN
; end of _Lcd_Chr_CP
_PWM2_Set_Duty:
0x00DC	0x1683      	BSF        STATUS, 5
0x00DD	0x1303      	BCF        STATUS, 6
0x00DE	0x0812      	MOVF       PR2, 0
0x00DF	0x3E01      	ADDLW      1
0x00E0	0x00F0      	MOVWF      R0
0x00E1	0x01F1      	CLRF       R0+1
0x00E2	0x1803      	BTFSC      STATUS, 0
0x00E3	0x0AF1      	INCF       R0+1, 1
0x00E4	0x0837      	MOVF       FARG_PWM2_Set_Duty_new_duty, 0
0x00E5	0x00F4      	MOVWF      R4
0x00E6	0x01F5      	CLRF       R4+1
0x00E7	0x201A      	CALL       _Mul_16X16_U
0x00E8	0x3006      	MOVLW      6
0x00E9	0x00F2      	MOVWF      R2
0x00EA	0x0870      	MOVF       R0, 0
0x00EB	0x00F4      	MOVWF      R4
0x00EC	0x0871      	MOVF       R0+1, 0
0x00ED	0x00F5      	MOVWF      R4+1
0x00EE	0x0872      	MOVF       R2, 0
L__PWM2_Set_Duty2:
0x00EF	0x1903      	BTFSC      STATUS, 2
0x00F0	0x28F6      	GOTO       L__PWM2_Set_Duty3
0x00F1	0x0CF5      	RRF        R4+1, 1
0x00F2	0x0CF4      	RRF        R4, 1
0x00F3	0x13F5      	BCF        R4+1, 7
0x00F4	0x3EFF      	ADDLW      255
0x00F5	0x28EF      	GOTO       L__PWM2_Set_Duty2
L__PWM2_Set_Duty3:
0x00F6	0x3004      	MOVLW      4
0x00F7	0x00F1      	MOVWF      R1
0x00F8	0x0874      	MOVF       R4, 0
0x00F9	0x00F0      	MOVWF      R0
0x00FA	0x0871      	MOVF       R1, 0
L__PWM2_Set_Duty4:
0x00FB	0x1903      	BTFSC      STATUS, 2
0x00FC	0x2901      	GOTO       L__PWM2_Set_Duty5
0x00FD	0x0DF0      	RLF        R0, 1
0x00FE	0x1070      	BCF        R0, 0
0x00FF	0x3EFF      	ADDLW      255
0x0100	0x28FB      	GOTO       L__PWM2_Set_Duty4
L__PWM2_Set_Duty5:
0x0101	0x3030      	MOVLW      48
0x0102	0x0570      	ANDWF      R0, 0
0x0103	0x00F3      	MOVWF      R3
0x0104	0x0874      	MOVF       R4, 0
0x0105	0x00F0      	MOVWF      R0
0x0106	0x0875      	MOVF       R4+1, 0
0x0107	0x00F1      	MOVWF      R0+1
0x0108	0x0CF1      	RRF        R0+1, 1
0x0109	0x0CF0      	RRF        R0, 1
0x010A	0x13F1      	BCF        R0+1, 7
0x010B	0x0CF1      	RRF        R0+1, 1
0x010C	0x0CF0      	RRF        R0, 1
0x010D	0x13F1      	BCF        R0+1, 7
0x010E	0x0870      	MOVF       R0, 0
0x010F	0x009B      	MOVWF      CCPR2L
0x0110	0x300F      	MOVLW      15
0x0111	0x059D      	ANDWF      CCP2CON, 1
0x0112	0x0873      	MOVF       R3, 0
0x0113	0x049D      	IORWF      CCP2CON, 1
L_end_PWM2_Set_Duty:
0x0114	0x0008      	RETURN
; end of _PWM2_Set_Duty
_PWM1_Set_Duty:
0x0115	0x1683      	BSF        STATUS, 5
0x0116	0x1303      	BCF        STATUS, 6
0x0117	0x0812      	MOVF       PR2, 0
0x0118	0x3E01      	ADDLW      1
0x0119	0x00F0      	MOVWF      R0
0x011A	0x01F1      	CLRF       R0+1
0x011B	0x1803      	BTFSC      STATUS, 0
0x011C	0x0AF1      	INCF       R0+1, 1
0x011D	0x0837      	MOVF       FARG_PWM1_Set_Duty_new_duty, 0
0x011E	0x00F4      	MOVWF      R4
0x011F	0x01F5      	CLRF       R4+1
0x0120	0x201A      	CALL       _Mul_16X16_U
0x0121	0x3006      	MOVLW      6
0x0122	0x00F2      	MOVWF      R2
0x0123	0x0870      	MOVF       R0, 0
0x0124	0x00F4      	MOVWF      R4
0x0125	0x0871      	MOVF       R0+1, 0
0x0126	0x00F5      	MOVWF      R4+1
0x0127	0x0872      	MOVF       R2, 0
L__PWM1_Set_Duty10:
0x0128	0x1903      	BTFSC      STATUS, 2
0x0129	0x292F      	GOTO       L__PWM1_Set_Duty11
0x012A	0x0CF5      	RRF        R4+1, 1
0x012B	0x0CF4      	RRF        R4, 1
0x012C	0x13F5      	BCF        R4+1, 7
0x012D	0x3EFF      	ADDLW      255
0x012E	0x2928      	GOTO       L__PWM1_Set_Duty10
L__PWM1_Set_Duty11:
0x012F	0x3004      	MOVLW      4
0x0130	0x00F1      	MOVWF      R1
0x0131	0x0874      	MOVF       R4, 0
0x0132	0x00F0      	MOVWF      R0
0x0133	0x0871      	MOVF       R1, 0
L__PWM1_Set_Duty12:
0x0134	0x1903      	BTFSC      STATUS, 2
0x0135	0x293A      	GOTO       L__PWM1_Set_Duty13
0x0136	0x0DF0      	RLF        R0, 1
0x0137	0x1070      	BCF        R0, 0
0x0138	0x3EFF      	ADDLW      255
0x0139	0x2934      	GOTO       L__PWM1_Set_Duty12
L__PWM1_Set_Duty13:
0x013A	0x3030      	MOVLW      48
0x013B	0x0570      	ANDWF      R0, 0
0x013C	0x00F3      	MOVWF      R3
0x013D	0x0874      	MOVF       R4, 0
0x013E	0x00F0      	MOVWF      R0
0x013F	0x0875      	MOVF       R4+1, 0
0x0140	0x00F1      	MOVWF      R0+1
0x0141	0x0CF1      	RRF        R0+1, 1
0x0142	0x0CF0      	RRF        R0, 1
0x0143	0x13F1      	BCF        R0+1, 7
0x0144	0x0CF1      	RRF        R0+1, 1
0x0145	0x0CF0      	RRF        R0, 1
0x0146	0x13F1      	BCF        R0+1, 7
0x0147	0x0870      	MOVF       R0, 0
0x0148	0x0095      	MOVWF      CCPR1L
0x0149	0x300F      	MOVLW      15
0x014A	0x0597      	ANDWF      CCP1CON, 1
0x014B	0x0873      	MOVF       R3, 0
0x014C	0x0497      	IORWF      CCP1CON, 1
L_end_PWM1_Set_Duty:
0x014D	0x0008      	RETURN
; end of _PWM1_Set_Duty
_AutoCalibration:
0x014E	0x1683      	BSF        STATUS, 5
0x014F	0x1303      	BCF        STATUS, 6
0x0150	0x01B7      	CLRF       FARG_ADC_Read_channel
0x0151	0x20AB      	CALL       _ADC_Read
0x0152	0x0870      	MOVF       R0, 0
0x0153	0x00A7      	MOVWF      AutoCalibration_S_L0
0x0154	0x0871      	MOVF       R0+1, 0
0x0155	0x00A8      	MOVWF      AutoCalibration_S_L0+1
0x0156	0x3001      	MOVLW      1
0x0157	0x00B7      	MOVWF      FARG_ADC_Read_channel
0x0158	0x20AB      	CALL       _ADC_Read
0x0159	0x0870      	MOVF       R0, 0
0x015A	0x00A9      	MOVWF      AutoCalibration_S_L0+2
0x015B	0x0871      	MOVF       R0+1, 0
0x015C	0x00AA      	MOVWF      AutoCalibration_S_L0+3
0x015D	0x3002      	MOVLW      2
0x015E	0x00B7      	MOVWF      FARG_ADC_Read_channel
0x015F	0x20AB      	CALL       _ADC_Read
0x0160	0x0870      	MOVF       R0, 0
0x0161	0x00AB      	MOVWF      AutoCalibration_S_L0+4
0x0162	0x0871      	MOVF       R0+1, 0
0x0163	0x00AC      	MOVWF      AutoCalibration_S_L0+5
0x0164	0x3003      	MOVLW      3
0x0165	0x00B7      	MOVWF      FARG_ADC_Read_channel
0x0166	0x20AB      	CALL       _ADC_Read
0x0167	0x0870      	MOVF       R0, 0
0x0168	0x00AD      	MOVWF      AutoCalibration_S_L0+6
0x0169	0x0871      	MOVF       R0+1, 0
0x016A	0x00AE      	MOVWF      AutoCalibration_S_L0+7
0x016B	0x3004      	MOVLW      4
0x016C	0x00B7      	MOVWF      FARG_ADC_Read_channel
0x016D	0x20AB      	CALL       _ADC_Read
0x016E	0x0870      	MOVF       R0, 0
0x016F	0x00AF      	MOVWF      AutoCalibration_S_L0+8
0x0170	0x0871      	MOVF       R0+1, 0
0x0171	0x00B0      	MOVWF      AutoCalibration_S_L0+9
0x0172	0x3005      	MOVLW      5
0x0173	0x00B7      	MOVWF      FARG_ADC_Read_channel
0x0174	0x20AB      	CALL       _ADC_Read
0x0175	0x0870      	MOVF       R0, 0
0x0176	0x00B1      	MOVWF      AutoCalibration_S_L0+10
0x0177	0x0871      	MOVF       R0+1, 0
0x0178	0x00B2      	MOVWF      AutoCalibration_S_L0+11
0x0179	0x0827      	MOVF       AutoCalibration_S_L0, 0
0x017A	0x00B3      	MOVWF      AutoCalibration_Max1_L0
0x017B	0x0828      	MOVF       AutoCalibration_S_L0+1, 0
0x017C	0x00B4      	MOVWF      AutoCalibration_Max1_L0+1
0x017D	0x01B5      	CLRF       AutoCalibration_i_L0
0x017E	0x01B6      	CLRF       AutoCalibration_i_L0+1
L_AutoCalibration0:
0x017F	0x3080      	MOVLW      128
0x0180	0x0636      	XORWF      AutoCalibration_i_L0+1, 0
0x0181	0x00F0      	MOVWF      R0
0x0182	0x3080      	MOVLW      128
0x0183	0x0270      	SUBWF      R0, 0
0x0184	0x1D03      	BTFSS      STATUS, 2
0x0185	0x2988      	GOTO       L__AutoCalibration87
0x0186	0x3006      	MOVLW      6
0x0187	0x0235      	SUBWF      AutoCalibration_i_L0, 0
L__AutoCalibration87:
0x0188	0x1803      	BTFSC      STATUS, 0
0x0189	0x29B8      	GOTO       L_AutoCalibration1
0x018A	0x0835      	MOVF       AutoCalibration_i_L0, 0
0x018B	0x00F0      	MOVWF      R0
0x018C	0x0836      	MOVF       AutoCalibration_i_L0+1, 0
0x018D	0x00F1      	MOVWF      R0+1
0x018E	0x0DF0      	RLF        R0, 1
0x018F	0x0DF1      	RLF        R0+1, 1
0x0190	0x1070      	BCF        R0, 0
0x0191	0x0870      	MOVF       R0, 0
0x0192	0x3EA7      	ADDLW      AutoCalibration_S_L0
0x0193	0x0084      	MOVWF      FSR
0x0194	0x0800      	MOVF       INDF, 0
0x0195	0x00F1      	MOVWF      R1
0x0196	0x0A84      	INCF       FSR, 1
0x0197	0x0800      	MOVF       INDF, 0
0x0198	0x00F2      	MOVWF      R1+1
0x0199	0x3080      	MOVLW      128
0x019A	0x0634      	XORWF      AutoCalibration_Max1_L0+1, 0
0x019B	0x00F0      	MOVWF      R0
0x019C	0x3080      	MOVLW      128
0x019D	0x0672      	XORWF      R1+1, 0
0x019E	0x0270      	SUBWF      R0, 0
0x019F	0x1D03      	BTFSS      STATUS, 2
0x01A0	0x29A3      	GOTO       L__AutoCalibration88
0x01A1	0x0871      	MOVF       R1, 0
0x01A2	0x0233      	SUBWF      AutoCalibration_Max1_L0, 0
L__AutoCalibration88:
0x01A3	0x1803      	BTFSC      STATUS, 0
0x01A4	0x29B4      	GOTO       L_AutoCalibration3
0x01A5	0x0835      	MOVF       AutoCalibration_i_L0, 0
0x01A6	0x00F0      	MOVWF      R0
0x01A7	0x0836      	MOVF       AutoCalibration_i_L0+1, 0
0x01A8	0x00F1      	MOVWF      R0+1
0x01A9	0x0DF0      	RLF        R0, 1
0x01AA	0x0DF1      	RLF        R0+1, 1
0x01AB	0x1070      	BCF        R0, 0
0x01AC	0x0870      	MOVF       R0, 0
0x01AD	0x3EA7      	ADDLW      AutoCalibration_S_L0
0x01AE	0x0084      	MOVWF      FSR
0x01AF	0x0800      	MOVF       INDF, 0
0x01B0	0x00B3      	MOVWF      AutoCalibration_Max1_L0
0x01B1	0x0A84      	INCF       FSR, 1
0x01B2	0x0800      	MOVF       INDF, 0
0x01B3	0x00B4      	MOVWF      AutoCalibration_Max1_L0+1
L_AutoCalibration3:
0x01B4	0x0AB5      	INCF       AutoCalibration_i_L0, 1
0x01B5	0x1903      	BTFSC      STATUS, 2
0x01B6	0x0AB6      	INCF       AutoCalibration_i_L0+1, 1
0x01B7	0x297F      	GOTO       L_AutoCalibration0
L_AutoCalibration1:
0x01B8	0x3096      	MOVLW      150
0x01B9	0x0733      	ADDWF      AutoCalibration_Max1_L0, 0
0x01BA	0x00A2      	MOVWF      _Limit
0x01BB	0x0834      	MOVF       AutoCalibration_Max1_L0+1, 0
0x01BC	0x1803      	BTFSC      STATUS, 0
0x01BD	0x3E01      	ADDLW      1
0x01BE	0x00A3      	MOVWF      _Limit+1
L_end_AutoCalibration:
0x01BF	0x0008      	RETURN
; end of _AutoCalibration
_PWM2_Start:
0x01C0	0x1683      	BSF        STATUS, 5
0x01C1	0x1303      	BCF        STATUS, 6
0x01C2	0x1087      	BCF        TRISC1_bit, BitPos(TRISC1_bit+0)
0x01C3	0x1283      	BCF        STATUS, 5
0x01C4	0x1512      	BSF        T2CON, 2
0x01C5	0x300C      	MOVLW      12
0x01C6	0x049D      	IORWF      CCP2CON, 1
L_end_PWM2_Start:
0x01C7	0x0008      	RETURN
; end of _PWM2_Start
_Lcd_Out:
0x01C8	0x29DA      	GOTO       L_Lcd_Out11
L_Lcd_Out13:
0x01C9	0x3080      	MOVLW      128
0x01CA	0x1683      	BSF        STATUS, 5
0x01CB	0x1303      	BCF        STATUS, 6
0x01CC	0x00A7      	MOVWF      FARG_Lcd_Out_row
0x01CD	0x29ED      	GOTO       L_Lcd_Out12
L_Lcd_Out14:
0x01CE	0x30C0      	MOVLW      192
0x01CF	0x00A7      	MOVWF      FARG_Lcd_Out_row
0x01D0	0x29ED      	GOTO       L_Lcd_Out12
L_Lcd_Out15:
0x01D1	0x3094      	MOVLW      148
0x01D2	0x00A7      	MOVWF      FARG_Lcd_Out_row
0x01D3	0x29ED      	GOTO       L_Lcd_Out12
L_Lcd_Out16:
0x01D4	0x30D4      	MOVLW      212
0x01D5	0x00A7      	MOVWF      FARG_Lcd_Out_row
0x01D6	0x29ED      	GOTO       L_Lcd_Out12
L_Lcd_Out17:
0x01D7	0x3080      	MOVLW      128
0x01D8	0x00A7      	MOVWF      FARG_Lcd_Out_row
0x01D9	0x29ED      	GOTO       L_Lcd_Out12
L_Lcd_Out11:
0x01DA	0x1683      	BSF        STATUS, 5
0x01DB	0x1303      	BCF        STATUS, 6
0x01DC	0x0827      	MOVF       FARG_Lcd_Out_row, 0
0x01DD	0x3A01      	XORLW      1
0x01DE	0x1903      	BTFSC      STATUS, 2
0x01DF	0x29C9      	GOTO       L_Lcd_Out13
0x01E0	0x0827      	MOVF       FARG_Lcd_Out_row, 0
0x01E1	0x3A02      	XORLW      2
0x01E2	0x1903      	BTFSC      STATUS, 2
0x01E3	0x29CE      	GOTO       L_Lcd_Out14
0x01E4	0x0827      	MOVF       FARG_Lcd_Out_row, 0
0x01E5	0x3A03      	XORLW      3
0x01E6	0x1903      	BTFSC      STATUS, 2
0x01E7	0x29D1      	GOTO       L_Lcd_Out15
0x01E8	0x0827      	MOVF       FARG_Lcd_Out_row, 0
0x01E9	0x3A04      	XORLW      4
0x01EA	0x1903      	BTFSC      STATUS, 2
0x01EB	0x29D4      	GOTO       L_Lcd_Out16
0x01EC	0x29D7      	GOTO       L_Lcd_Out17
L_Lcd_Out12:
0x01ED	0x0328      	DECF       FARG_Lcd_Out_column, 0
0x01EE	0x00F0      	MOVWF      R0
0x01EF	0x0827      	MOVF       FARG_Lcd_Out_row, 0
0x01F0	0x07F0      	ADDWF      R0, 1
0x01F1	0x0870      	MOVF       R0, 0
0x01F2	0x00A7      	MOVWF      FARG_Lcd_Out_row
0x01F3	0x0870      	MOVF       R0, 0
0x01F4	0x00B8      	MOVWF      FARG_Lcd_Cmd_out_char
0x01F5	0x2045      	CALL       _Lcd_Cmd
0x01F6	0x106F      	BCF        __Lib_Lcd_cmd_status, BitPos(__Lib_Lcd_cmd_status+0)
0x01F7	0x1683      	BSF        STATUS, 5
0x01F8	0x01AA      	CLRF       Lcd_Out_i_L0
L_Lcd_Out18:
0x01F9	0x082A      	MOVF       Lcd_Out_i_L0, 0
0x01FA	0x0729      	ADDWF      FARG_Lcd_Out_text, 0
0x01FB	0x0084      	MOVWF      FSR
0x01FC	0x0800      	MOVF       INDF, 0
0x01FD	0x1903      	BTFSC      STATUS, 2
0x01FE	0x2A08      	GOTO       L_Lcd_Out19
0x01FF	0x082A      	MOVF       Lcd_Out_i_L0, 0
0x0200	0x0729      	ADDWF      FARG_Lcd_Out_text, 0
0x0201	0x0084      	MOVWF      FSR
0x0202	0x0800      	MOVF       INDF, 0
0x0203	0x00B7      	MOVWF      FARG_Lcd_Chr_CP_out_char
0x0204	0x20D3      	CALL       _Lcd_Chr_CP
0x0205	0x1683      	BSF        STATUS, 5
0x0206	0x0AAA      	INCF       Lcd_Out_i_L0, 1
0x0207	0x29F9      	GOTO       L_Lcd_Out18
L_Lcd_Out19:
0x0208	0x1283      	BCF        STATUS, 5
0x0209	0x146F      	BSF        __Lib_Lcd_cmd_status, BitPos(__Lib_Lcd_cmd_status+0)
L_end_Lcd_Out:
0x020A	0x0008      	RETURN
; end of _Lcd_Out
_ADC_Init:
0x020B	0x30FF      	MOVLW      _ADC_Get_Sample
0x020C	0x1683      	BSF        STATUS, 5
0x020D	0x1303      	BCF        STATUS, 6
0x020E	0x00A4      	MOVWF      _ADC_Get_Sample_Ptr
0x020F	0x30FF      	MOVLW      hi_addr(_ADC_Get_Sample)
0x0210	0x00A5      	MOVWF      _ADC_Get_Sample_Ptr+1
0x0211	0x30FF      	MOVLW      FARG_ADC_Get_Sample_channel
0x0212	0x00A6      	MOVWF      _ADC_Get_Sample_Ptr+2
0x0213	0x30FF      	MOVLW      hi_addr(FARG_ADC_Get_Sample_channel)
0x0214	0x1283      	BCF        STATUS, 5
0x0215	0x019F      	CLRF       ADCON0
0x0216	0x30C0      	MOVLW      192
0x0217	0x049F      	IORWF      ADCON0, 1
0x0218	0x092E      	COMF       _vref_mask, 0
0x0219	0x00F0      	MOVWF      R0
0x021A	0x0870      	MOVF       R0, 0
0x021B	0x1683      	BSF        STATUS, 5
0x021C	0x059F      	ANDWF      ADCON1, 1
0x021D	0x171F      	BSF        ADCON1, 6
0x021E	0x179F      	BSF        ADCON1, 7
0x021F	0x1283      	BCF        STATUS, 5
0x0220	0x141F      	BSF        ADCON0, 0
L_end_ADC_Init:
0x0221	0x0008      	RETURN
; end of _ADC_Init
_Motors:
0x0222	0x3080      	MOVLW      128
0x0223	0x1683      	BSF        STATUS, 5
0x0224	0x1303      	BCF        STATUS, 6
0x0225	0x0628      	XORWF      FARG_Motors_LM+1, 0
0x0226	0x00F0      	MOVWF      R0
0x0227	0x3080      	MOVLW      128
0x0228	0x0270      	SUBWF      R0, 0
0x0229	0x1D03      	BTFSS      STATUS, 2
0x022A	0x2A2D      	GOTO       L__Motors97
0x022B	0x3000      	MOVLW      0
0x022C	0x0227      	SUBWF      FARG_Motors_LM, 0
L__Motors97:
0x022D	0x1803      	BTFSC      STATUS, 0
0x022E	0x2A38      	GOTO       L_Motors16
0x022F	0x1283      	BCF        STATUS, 5
0x0230	0x1108      	BCF        PORTD, 2
0x0231	0x1588      	BSF        PORTD, 3
0x0232	0x1683      	BSF        STATUS, 5
0x0233	0x0827      	MOVF       FARG_Motors_LM, 0
0x0234	0x3C00      	SUBLW      0
0x0235	0x00B7      	MOVWF      FARG_PWM2_Set_Duty_new_duty
0x0236	0x20DC      	CALL       _PWM2_Set_Duty
0x0237	0x2A3F      	GOTO       L_Motors17
L_Motors16:
0x0238	0x1283      	BCF        STATUS, 5
0x0239	0x1508      	BSF        PORTD, 2
0x023A	0x1188      	BCF        PORTD, 3
0x023B	0x1683      	BSF        STATUS, 5
0x023C	0x0827      	MOVF       FARG_Motors_LM, 0
0x023D	0x00B7      	MOVWF      FARG_PWM2_Set_Duty_new_duty
0x023E	0x20DC      	CALL       _PWM2_Set_Duty
L_Motors17:
0x023F	0x3080      	MOVLW      128
0x0240	0x1683      	BSF        STATUS, 5
0x0241	0x062A      	XORWF      FARG_Motors_RM+1, 0
0x0242	0x00F0      	MOVWF      R0
0x0243	0x3080      	MOVLW      128
0x0244	0x0270      	SUBWF      R0, 0
0x0245	0x1D03      	BTFSS      STATUS, 2
0x0246	0x2A49      	GOTO       L__Motors98
0x0247	0x3000      	MOVLW      0
0x0248	0x0229      	SUBWF      FARG_Motors_RM, 0
L__Motors98:
0x0249	0x1803      	BTFSC      STATUS, 0
0x024A	0x2A54      	GOTO       L_Motors18
0x024B	0x1283      	BCF        STATUS, 5
0x024C	0x1008      	BCF        PORTD, 0
0x024D	0x1488      	BSF        PORTD, 1
0x024E	0x1683      	BSF        STATUS, 5
0x024F	0x0829      	MOVF       FARG_Motors_RM, 0
0x0250	0x3C00      	SUBLW      0
0x0251	0x00B7      	MOVWF      FARG_PWM1_Set_Duty_new_duty
0x0252	0x2115      	CALL       _PWM1_Set_Duty
0x0253	0x2A5B      	GOTO       L_Motors19
L_Motors18:
0x0254	0x1283      	BCF        STATUS, 5
0x0255	0x1408      	BSF        PORTD, 0
0x0256	0x1088      	BCF        PORTD, 1
0x0257	0x1683      	BSF        STATUS, 5
0x0258	0x0829      	MOVF       FARG_Motors_RM, 0
0x0259	0x00B7      	MOVWF      FARG_PWM1_Set_Duty_new_duty
0x025A	0x2115      	CALL       _PWM1_Set_Duty
L_Motors19:
L_end_Motors:
0x025B	0x0008      	RETURN
; end of _Motors
_Lcd_Init:
0x025C	0x1683      	BSF        STATUS, 5
0x025D	0x1303      	BCF        STATUS, 6
0x025E	0x1206      	BCF        LCD_EN_Direction, BitPos(LCD_EN_Direction+0)
0x025F	0x1286      	BCF        LCD_RS_Direction, BitPos(LCD_RS_Direction+0)
0x0260	0x1186      	BCF        LCD_D4_Direction, BitPos(LCD_D4_Direction+0)
0x0261	0x1106      	BCF        LCD_D5_Direction, BitPos(LCD_D5_Direction+0)
0x0262	0x1086      	BCF        LCD_D6_Direction, BitPos(LCD_D6_Direction+0)
0x0263	0x1006      	BCF        LCD_D7_Direction, BitPos(LCD_D7_Direction+0)
0x0264	0x1283      	BCF        STATUS, 5
0x0265	0x1206      	BCF        LCD_EN, BitPos(LCD_EN+0)
0x0266	0x1286      	BCF        LCD_RS, BitPos(LCD_RS+0)
0x0267	0x1006      	BCF        LCD_D7, BitPos(LCD_D7+0)
0x0268	0x1086      	BCF        LCD_D6, BitPos(LCD_D6+0)
0x0269	0x1106      	BCF        LCD_D5, BitPos(LCD_D5+0)
0x026A	0x1186      	BCF        LCD_D4, BitPos(LCD_D4+0)
0x026B	0x200D      	CALL       _Delay_5500us
0x026C	0x200D      	CALL       _Delay_5500us
0x026D	0x200D      	CALL       _Delay_5500us
0x026E	0x1506      	BSF        LCD_D5, BitPos(LCD_D5+0)
0x026F	0x1586      	BSF        LCD_D4, BitPos(LCD_D4+0)
0x0270	0x1606      	BSF        LCD_EN, BitPos(LCD_EN+0)
0x0271	0x2003      	CALL       _Delay_1us
0x0272	0x1206      	BCF        LCD_EN, BitPos(LCD_EN+0)
0x0273	0x200D      	CALL       _Delay_5500us
0x0274	0x1606      	BSF        LCD_EN, BitPos(LCD_EN+0)
0x0275	0x2003      	CALL       _Delay_1us
0x0276	0x1206      	BCF        LCD_EN, BitPos(LCD_EN+0)
0x0277	0x200D      	CALL       _Delay_5500us
0x0278	0x1606      	BSF        LCD_EN, BitPos(LCD_EN+0)
0x0279	0x2003      	CALL       _Delay_1us
0x027A	0x1206      	BCF        LCD_EN, BitPos(LCD_EN+0)
0x027B	0x200D      	CALL       _Delay_5500us
0x027C	0x1186      	BCF        LCD_D4, BitPos(LCD_D4+0)
0x027D	0x1606      	BSF        LCD_EN, BitPos(LCD_EN+0)
0x027E	0x2003      	CALL       _Delay_1us
0x027F	0x1206      	BCF        LCD_EN, BitPos(LCD_EN+0)
0x0280	0x200D      	CALL       _Delay_5500us
0x0281	0x1606      	BSF        LCD_EN, BitPos(LCD_EN+0)
0x0282	0x2003      	CALL       _Delay_1us
0x0283	0x1206      	BCF        LCD_EN, BitPos(LCD_EN+0)
0x0284	0x1106      	BCF        LCD_D5, BitPos(LCD_D5+0)
0x0285	0x1406      	BSF        LCD_D7, BitPos(LCD_D7+0)
0x0286	0x1606      	BSF        LCD_EN, BitPos(LCD_EN+0)
0x0287	0x2003      	CALL       _Delay_1us
0x0288	0x1206      	BCF        LCD_EN, BitPos(LCD_EN+0)
0x0289	0x200D      	CALL       _Delay_5500us
0x028A	0x1006      	BCF        LCD_D7, BitPos(LCD_D7+0)
0x028B	0x1586      	BSF        LCD_D4, BitPos(LCD_D4+0)
0x028C	0x1606      	BSF        LCD_EN, BitPos(LCD_EN+0)
0x028D	0x2003      	CALL       _Delay_1us
0x028E	0x1206      	BCF        LCD_EN, BitPos(LCD_EN+0)
0x028F	0x1186      	BCF        LCD_D4, BitPos(LCD_D4+0)
0x0290	0x1606      	BSF        LCD_EN, BitPos(LCD_EN+0)
0x0291	0x2003      	CALL       _Delay_1us
0x0292	0x1206      	BCF        LCD_EN, BitPos(LCD_EN+0)
0x0293	0x200D      	CALL       _Delay_5500us
0x0294	0x1606      	BSF        LCD_EN, BitPos(LCD_EN+0)
0x0295	0x2003      	CALL       _Delay_1us
0x0296	0x1206      	BCF        LCD_EN, BitPos(LCD_EN+0)
0x0297	0x1586      	BSF        LCD_D4, BitPos(LCD_D4+0)
0x0298	0x1606      	BSF        LCD_EN, BitPos(LCD_EN+0)
0x0299	0x2003      	CALL       _Delay_1us
0x029A	0x1206      	BCF        LCD_EN, BitPos(LCD_EN+0)
0x029B	0x200D      	CALL       _Delay_5500us
0x029C	0x1186      	BCF        LCD_D4, BitPos(LCD_D4+0)
0x029D	0x1606      	BSF        LCD_EN, BitPos(LCD_EN+0)
0x029E	0x2003      	CALL       _Delay_1us
0x029F	0x1206      	BCF        LCD_EN, BitPos(LCD_EN+0)
0x02A0	0x1406      	BSF        LCD_D7, BitPos(LCD_D7+0)
0x02A1	0x1486      	BSF        LCD_D6, BitPos(LCD_D6+0)
0x02A2	0x1506      	BSF        LCD_D5, BitPos(LCD_D5+0)
0x02A3	0x1586      	BSF        LCD_D4, BitPos(LCD_D4+0)
0x02A4	0x1606      	BSF        LCD_EN, BitPos(LCD_EN+0)
0x02A5	0x2003      	CALL       _Delay_1us
0x02A6	0x1206      	BCF        LCD_EN, BitPos(LCD_EN+0)
0x02A7	0x200D      	CALL       _Delay_5500us
0x02A8	0x146F      	BSF        __Lib_Lcd_cmd_status, BitPos(__Lib_Lcd_cmd_status+0)
L_end_Lcd_Init:
0x02A9	0x0008      	RETURN
; end of _Lcd_Init
_PWM2_Init:
0x02AA	0x1283      	BCF        STATUS, 5
0x02AB	0x1303      	BCF        STATUS, 6
0x02AC	0x019B      	CLRF       CCPR2L
0x02AD	0x121D      	BCF        CCP2CON, 4
0x02AE	0x129D      	BCF        CCP2CON, 5
L_end_PWM2_Init:
0x02AF	0x0008      	RETURN
; end of _PWM2_Init
_ReadSensors:
0x02B0	0x1683      	BSF        STATUS, 5
0x02B1	0x1303      	BCF        STATUS, 6
0x02B2	0x01B7      	CLRF       FARG_ADC_Read_channel
0x02B3	0x20AB      	CALL       _ADC_Read
0x02B4	0x0870      	MOVF       R0, 0
0x02B5	0x1283      	BCF        STATUS, 5
0x02B6	0x00E3      	MOVWF      _S1
0x02B7	0x0871      	MOVF       R0+1, 0
0x02B8	0x00E4      	MOVWF      _S1+1
0x02B9	0x3001      	MOVLW      1
0x02BA	0x1683      	BSF        STATUS, 5
0x02BB	0x00B7      	MOVWF      FARG_ADC_Read_channel
0x02BC	0x20AB      	CALL       _ADC_Read
0x02BD	0x0870      	MOVF       R0, 0
0x02BE	0x1283      	BCF        STATUS, 5
0x02BF	0x00E1      	MOVWF      _S2
0x02C0	0x0871      	MOVF       R0+1, 0
0x02C1	0x00E2      	MOVWF      _S2+1
0x02C2	0x3002      	MOVLW      2
0x02C3	0x1683      	BSF        STATUS, 5
0x02C4	0x00B7      	MOVWF      FARG_ADC_Read_channel
0x02C5	0x20AB      	CALL       _ADC_Read
0x02C6	0x0870      	MOVF       R0, 0
0x02C7	0x1283      	BCF        STATUS, 5
0x02C8	0x00EB      	MOVWF      _S3
0x02C9	0x0871      	MOVF       R0+1, 0
0x02CA	0x00EC      	MOVWF      _S3+1
0x02CB	0x3004      	MOVLW      4
0x02CC	0x1683      	BSF        STATUS, 5
0x02CD	0x00B7      	MOVWF      FARG_ADC_Read_channel
0x02CE	0x20AB      	CALL       _ADC_Read
0x02CF	0x0870      	MOVF       R0, 0
0x02D0	0x1283      	BCF        STATUS, 5
0x02D1	0x00E9      	MOVWF      _S4
0x02D2	0x0871      	MOVF       R0+1, 0
0x02D3	0x00EA      	MOVWF      _S4+1
0x02D4	0x3005      	MOVLW      5
0x02D5	0x1683      	BSF        STATUS, 5
0x02D6	0x00B7      	MOVWF      FARG_ADC_Read_channel
0x02D7	0x20AB      	CALL       _ADC_Read
0x02D8	0x0870      	MOVF       R0, 0
0x02D9	0x1283      	BCF        STATUS, 5
0x02DA	0x00E7      	MOVWF      _S5
0x02DB	0x0871      	MOVF       R0+1, 0
0x02DC	0x00E8      	MOVWF      _S5+1
0x02DD	0x3003      	MOVLW      3
0x02DE	0x1683      	BSF        STATUS, 5
0x02DF	0x00B7      	MOVWF      FARG_ADC_Read_channel
0x02E0	0x20AB      	CALL       _ADC_Read
0x02E1	0x0870      	MOVF       R0, 0
0x02E2	0x1283      	BCF        STATUS, 5
0x02E3	0x00ED      	MOVWF      _S6
0x02E4	0x0871      	MOVF       R0+1, 0
0x02E5	0x00EE      	MOVWF      _S6+1
0x02E6	0x3080      	MOVLW      128
0x02E7	0x1683      	BSF        STATUS, 5
0x02E8	0x0623      	XORWF      _Limit+1, 0
0x02E9	0x00F0      	MOVWF      R0
0x02EA	0x3080      	MOVLW      128
0x02EB	0x1283      	BCF        STATUS, 5
0x02EC	0x0664      	XORWF      _S1+1, 0
0x02ED	0x0270      	SUBWF      R0, 0
0x02EE	0x1D03      	BTFSS      STATUS, 2
0x02EF	0x2AF3      	GOTO       L__ReadSensors90
0x02F0	0x0863      	MOVF       _S1, 0
0x02F1	0x1683      	BSF        STATUS, 5
0x02F2	0x0222      	SUBWF      _Limit, 0
L__ReadSensors90:
0x02F3	0x1803      	BTFSC      STATUS, 0
0x02F4	0x2AFC      	GOTO       L_ReadSensors4
0x02F5	0x3001      	MOVLW      1
0x02F6	0x1283      	BCF        STATUS, 5
0x02F7	0x00E3      	MOVWF      _S1
0x02F8	0x3000      	MOVLW      0
0x02F9	0x00E4      	MOVWF      _S1+1
0x02FA	0x1788      	BSF        PORTD, 7
0x02FB	0x2B00      	GOTO       L_ReadSensors5
L_ReadSensors4:
0x02FC	0x1283      	BCF        STATUS, 5
0x02FD	0x01E3      	CLRF       _S1
0x02FE	0x01E4      	CLRF       _S1+1
0x02FF	0x1388      	BCF        PORTD, 7
L_ReadSensors5:
0x0300	0x3080      	MOVLW      128
0x0301	0x1683      	BSF        STATUS, 5
0x0302	0x0623      	XORWF      _Limit+1, 0
0x0303	0x00F0      	MOVWF      R0
0x0304	0x3080      	MOVLW      128
0x0305	0x1283      	BCF        STATUS, 5
0x0306	0x0662      	XORWF      _S2+1, 0
0x0307	0x0270      	SUBWF      R0, 0
0x0308	0x1D03      	BTFSS      STATUS, 2
0x0309	0x2B0D      	GOTO       L__ReadSensors91
0x030A	0x0861      	MOVF       _S2, 0
0x030B	0x1683      	BSF        STATUS, 5
0x030C	0x0222      	SUBWF      _Limit, 0
L__ReadSensors91:
0x030D	0x1803      	BTFSC      STATUS, 0
0x030E	0x2B16      	GOTO       L_ReadSensors6
0x030F	0x3001      	MOVLW      1
0x0310	0x1283      	BCF        STATUS, 5
0x0311	0x00E1      	MOVWF      _S2
0x0312	0x3000      	MOVLW      0
0x0313	0x00E2      	MOVWF      _S2+1
0x0314	0x1708      	BSF        PORTD, 6
0x0315	0x2B1A      	GOTO       L_ReadSensors7
L_ReadSensors6:
0x0316	0x1283      	BCF        STATUS, 5
0x0317	0x01E1      	CLRF       _S2
0x0318	0x01E2      	CLRF       _S2+1
0x0319	0x1308      	BCF        PORTD, 6
L_ReadSensors7:
0x031A	0x3080      	MOVLW      128
0x031B	0x1683      	BSF        STATUS, 5
0x031C	0x0623      	XORWF      _Limit+1, 0
0x031D	0x00F0      	MOVWF      R0
0x031E	0x3080      	MOVLW      128
0x031F	0x1283      	BCF        STATUS, 5
0x0320	0x066C      	XORWF      _S3+1, 0
0x0321	0x0270      	SUBWF      R0, 0
0x0322	0x1D03      	BTFSS      STATUS, 2
0x0323	0x2B27      	GOTO       L__ReadSensors92
0x0324	0x086B      	MOVF       _S3, 0
0x0325	0x1683      	BSF        STATUS, 5
0x0326	0x0222      	SUBWF      _Limit, 0
L__ReadSensors92:
0x0327	0x1803      	BTFSC      STATUS, 0
0x0328	0x2B30      	GOTO       L_ReadSensors8
0x0329	0x3001      	MOVLW      1
0x032A	0x1283      	BCF        STATUS, 5
0x032B	0x00EB      	MOVWF      _S3
0x032C	0x3000      	MOVLW      0
0x032D	0x00EC      	MOVWF      _S3+1
0x032E	0x1688      	BSF        PORTD, 5
0x032F	0x2B34      	GOTO       L_ReadSensors9
L_ReadSensors8:
0x0330	0x1283      	BCF        STATUS, 5
0x0331	0x01EB      	CLRF       _S3
0x0332	0x01EC      	CLRF       _S3+1
0x0333	0x1288      	BCF        PORTD, 5
L_ReadSensors9:
0x0334	0x3080      	MOVLW      128
0x0335	0x1683      	BSF        STATUS, 5
0x0336	0x0623      	XORWF      _Limit+1, 0
0x0337	0x00F0      	MOVWF      R0
0x0338	0x3080      	MOVLW      128
0x0339	0x1283      	BCF        STATUS, 5
0x033A	0x066A      	XORWF      _S4+1, 0
0x033B	0x0270      	SUBWF      R0, 0
0x033C	0x1D03      	BTFSS      STATUS, 2
0x033D	0x2B41      	GOTO       L__ReadSensors93
0x033E	0x0869      	MOVF       _S4, 0
0x033F	0x1683      	BSF        STATUS, 5
0x0340	0x0222      	SUBWF      _Limit, 0
L__ReadSensors93:
0x0341	0x1803      	BTFSC      STATUS, 0
0x0342	0x2B4A      	GOTO       L_ReadSensors10
0x0343	0x3001      	MOVLW      1
0x0344	0x1283      	BCF        STATUS, 5
0x0345	0x00E9      	MOVWF      _S4
0x0346	0x3000      	MOVLW      0
0x0347	0x00EA      	MOVWF      _S4+1
0x0348	0x1787      	BSF        PORTC, 7
0x0349	0x2B4E      	GOTO       L_ReadSensors11
L_ReadSensors10:
0x034A	0x1283      	BCF        STATUS, 5
0x034B	0x01E9      	CLRF       _S4
0x034C	0x01EA      	CLRF       _S4+1
0x034D	0x1387      	BCF        PORTC, 7
L_ReadSensors11:
0x034E	0x3080      	MOVLW      128
0x034F	0x1683      	BSF        STATUS, 5
0x0350	0x0623      	XORWF      _Limit+1, 0
0x0351	0x00F0      	MOVWF      R0
0x0352	0x3080      	MOVLW      128
0x0353	0x1283      	BCF        STATUS, 5
0x0354	0x0668      	XORWF      _S5+1, 0
0x0355	0x0270      	SUBWF      R0, 0
0x0356	0x1D03      	BTFSS      STATUS, 2
0x0357	0x2B5B      	GOTO       L__ReadSensors94
0x0358	0x0867      	MOVF       _S5, 0
0x0359	0x1683      	BSF        STATUS, 5
0x035A	0x0222      	SUBWF      _Limit, 0
L__ReadSensors94:
0x035B	0x1803      	BTFSC      STATUS, 0
0x035C	0x2B64      	GOTO       L_ReadSensors12
0x035D	0x3001      	MOVLW      1
0x035E	0x1283      	BCF        STATUS, 5
0x035F	0x00E7      	MOVWF      _S5
0x0360	0x3000      	MOVLW      0
0x0361	0x00E8      	MOVWF      _S5+1
0x0362	0x1707      	BSF        PORTC, 6
0x0363	0x2B68      	GOTO       L_ReadSensors13
L_ReadSensors12:
0x0364	0x1283      	BCF        STATUS, 5
0x0365	0x01E7      	CLRF       _S5
0x0366	0x01E8      	CLRF       _S5+1
0x0367	0x1307      	BCF        PORTC, 6
L_ReadSensors13:
0x0368	0x3080      	MOVLW      128
0x0369	0x1683      	BSF        STATUS, 5
0x036A	0x0623      	XORWF      _Limit+1, 0
0x036B	0x00F0      	MOVWF      R0
0x036C	0x3080      	MOVLW      128
0x036D	0x1283      	BCF        STATUS, 5
0x036E	0x066E      	XORWF      _S6+1, 0
0x036F	0x0270      	SUBWF      R0, 0
0x0370	0x1D03      	BTFSS      STATUS, 2
0x0371	0x2B75      	GOTO       L__ReadSensors95
0x0372	0x086D      	MOVF       _S6, 0
0x0373	0x1683      	BSF        STATUS, 5
0x0374	0x0222      	SUBWF      _Limit, 0
L__ReadSensors95:
0x0375	0x1803      	BTFSC      STATUS, 0
0x0376	0x2B7E      	GOTO       L_ReadSensors14
0x0377	0x3001      	MOVLW      1
0x0378	0x1283      	BCF        STATUS, 5
0x0379	0x00ED      	MOVWF      _S6
0x037A	0x3000      	MOVLW      0
0x037B	0x00EE      	MOVWF      _S6+1
0x037C	0x1608      	BSF        PORTD, 4
0x037D	0x2B82      	GOTO       L_ReadSensors15
L_ReadSensors14:
0x037E	0x1283      	BCF        STATUS, 5
0x037F	0x01ED      	CLRF       _S6
0x0380	0x01EE      	CLRF       _S6+1
0x0381	0x1208      	BCF        PORTD, 4
L_ReadSensors15:
0x0382	0x0861      	MOVF       _S2, 0
0x0383	0x00F0      	MOVWF      R0
0x0384	0x0862      	MOVF       _S2+1, 0
0x0385	0x00F1      	MOVWF      R0+1
0x0386	0x0DF0      	RLF        R0, 1
0x0387	0x0DF1      	RLF        R0+1, 1
0x0388	0x1070      	BCF        R0, 0
0x0389	0x0870      	MOVF       R0, 0
0x038A	0x0763      	ADDWF      _S1, 0
0x038B	0x1683      	BSF        STATUS, 5
0x038C	0x00A0      	MOVWF      _Reading
0x038D	0x1283      	BCF        STATUS, 5
0x038E	0x0864      	MOVF       _S1+1, 0
0x038F	0x1803      	BTFSC      STATUS, 0
0x0390	0x3E01      	ADDLW      1
0x0391	0x0771      	ADDWF      R0+1, 0
0x0392	0x1683      	BSF        STATUS, 5
0x0393	0x00A1      	MOVWF      _Reading+1
0x0394	0x1283      	BCF        STATUS, 5
0x0395	0x086B      	MOVF       _S3, 0
0x0396	0x00F0      	MOVWF      R0
0x0397	0x086C      	MOVF       _S3+1, 0
0x0398	0x00F1      	MOVWF      R0+1
0x0399	0x3005      	MOVLW      5
0x039A	0x00F4      	MOVWF      R4
0x039B	0x3000      	MOVLW      0
0x039C	0x00F5      	MOVWF      R4+1
0x039D	0x201A      	CALL       _Mul_16X16_U
0x039E	0x0870      	MOVF       R0, 0
0x039F	0x1683      	BSF        STATUS, 5
0x03A0	0x07A0      	ADDWF      _Reading, 1
0x03A1	0x0871      	MOVF       R0+1, 0
0x03A2	0x1803      	BTFSC      STATUS, 0
0x03A3	0x3E01      	ADDLW      1
0x03A4	0x07A1      	ADDWF      _Reading+1, 1
0x03A5	0x1283      	BCF        STATUS, 5
0x03A6	0x0869      	MOVF       _S4, 0
0x03A7	0x00F0      	MOVWF      R0
0x03A8	0x086A      	MOVF       _S4+1, 0
0x03A9	0x00F1      	MOVWF      R0+1
0x03AA	0x3009      	MOVLW      9
0x03AB	0x00F4      	MOVWF      R4
0x03AC	0x3000      	MOVLW      0
0x03AD	0x00F5      	MOVWF      R4+1
0x03AE	0x201A      	CALL       _Mul_16X16_U
0x03AF	0x0870      	MOVF       R0, 0
0x03B0	0x1683      	BSF        STATUS, 5
0x03B1	0x07A0      	ADDWF      _Reading, 1
0x03B2	0x0871      	MOVF       R0+1, 0
0x03B3	0x1803      	BTFSC      STATUS, 0
0x03B4	0x3E01      	ADDLW      1
0x03B5	0x07A1      	ADDWF      _Reading+1, 1
0x03B6	0x1283      	BCF        STATUS, 5
0x03B7	0x0867      	MOVF       _S5, 0
0x03B8	0x00F0      	MOVWF      R0
0x03B9	0x0868      	MOVF       _S5+1, 0
0x03BA	0x00F1      	MOVWF      R0+1
0x03BB	0x3014      	MOVLW      20
0x03BC	0x00F4      	MOVWF      R4
0x03BD	0x3000      	MOVLW      0
0x03BE	0x00F5      	MOVWF      R4+1
0x03BF	0x201A      	CALL       _Mul_16X16_U
0x03C0	0x0870      	MOVF       R0, 0
0x03C1	0x1683      	BSF        STATUS, 5
0x03C2	0x07A0      	ADDWF      _Reading, 1
0x03C3	0x0871      	MOVF       R0+1, 0
0x03C4	0x1803      	BTFSC      STATUS, 0
0x03C5	0x3E01      	ADDLW      1
0x03C6	0x07A1      	ADDWF      _Reading+1, 1
L_end_ReadSensors:
0x03C7	0x0008      	RETURN
; end of _ReadSensors
_PWM1_Start:
0x03C8	0x1683      	BSF        STATUS, 5
0x03C9	0x1303      	BCF        STATUS, 6
0x03CA	0x1107      	BCF        TRISC2_bit, BitPos(TRISC2_bit+0)
0x03CB	0x1283      	BCF        STATUS, 5
0x03CC	0x1512      	BSF        T2CON, 2
0x03CD	0x300C      	MOVLW      12
0x03CE	0x0497      	IORWF      CCP1CON, 1
L_end_PWM1_Start:
0x03CF	0x0008      	RETURN
; end of _PWM1_Start
___CC2DW:
_CC2D_Loop1:
0x03D0	0x20A4      	CALL       _____DoICP
0x03D1	0x118A      	BCF        PCLATH, 3
0x03D2	0x120A      	BCF        PCLATH, 4
0x03D3	0x0080      	MOVWF      INDF
0x03D4	0x0A84      	INCF       FSR, 1
0x03D5	0x0AE5      	INCF       ___DoICPAddr, 1
0x03D6	0x1903      	BTFSC      STATUS, 2
0x03D7	0x0AE6      	INCF       ___DoICPAddr+1, 1
0x03D8	0x03F0      	DECF       R0, 1
0x03D9	0x1D03      	BTFSS      STATUS, 2
0x03DA	0x2BD0      	GOTO       _CC2D_Loop1
L_end___CC2DW:
0x03DB	0x0008      	RETURN
; end of ___CC2DW
_PWM1_Init:
0x03DC	0x1283      	BCF        STATUS, 5
0x03DD	0x1303      	BCF        STATUS, 6
0x03DE	0x0195      	CLRF       CCPR1L
0x03DF	0x1217      	BCF        CCP1CON, 4
0x03E0	0x1297      	BCF        CCP1CON, 5
L_end_PWM1_Init:
0x03E1	0x0008      	RETURN
; end of _PWM1_Init
_main:
0x03E2	0x2676      	CALL       1654
0x03E3	0x225C      	CALL       _Lcd_Init
0x03E4	0x3001      	MOVLW      1
0x03E5	0x1683      	BSF        STATUS, 5
0x03E6	0x00B8      	MOVWF      FARG_Lcd_Cmd_out_char
0x03E7	0x2045      	CALL       _Lcd_Cmd
0x03E8	0x300C      	MOVLW      12
0x03E9	0x1683      	BSF        STATUS, 5
0x03EA	0x00B8      	MOVWF      FARG_Lcd_Cmd_out_char
0x03EB	0x2045      	CALL       _Lcd_Cmd
0x03EC	0x1412      	BSF        T2CON, 0
0x03ED	0x1092      	BCF        T2CON, 1
0x03EE	0x307C      	MOVLW      124
0x03EF	0x1683      	BSF        STATUS, 5
0x03F0	0x0092      	MOVWF      PR2
0x03F1	0x23DC      	CALL       _PWM1_Init
0x03F2	0x1412      	BSF        T2CON, 0
0x03F3	0x1092      	BCF        T2CON, 1
0x03F4	0x307C      	MOVLW      124
0x03F5	0x1683      	BSF        STATUS, 5
0x03F6	0x0092      	MOVWF      PR2
0x03F7	0x22AA      	CALL       _PWM2_Init
0x03F8	0x23C8      	CALL       _PWM1_Start
0x03F9	0x21C0      	CALL       _PWM2_Start
0x03FA	0x220B      	CALL       _ADC_Init
0x03FB	0x1683      	BSF        STATUS, 5
0x03FC	0x0187      	CLRF       TRISC
0x03FD	0x1283      	BCF        STATUS, 5
0x03FE	0x0187      	CLRF       PORTC
0x03FF	0x1683      	BSF        STATUS, 5
0x0400	0x0186      	CLRF       TRISB
0x0401	0x1283      	BCF        STATUS, 5
0x0402	0x0186      	CLRF       PORTB
0x0403	0x1683      	BSF        STATUS, 5
0x0404	0x0188      	CLRF       TRISD
0x0405	0x1283      	BCF        STATUS, 5
0x0406	0x0188      	CLRF       PORTD
0x0407	0x3001      	MOVLW      1
0x0408	0x1683      	BSF        STATUS, 5
0x0409	0x00A7      	MOVWF      FARG_Lcd_Out_row
0x040A	0x3005      	MOVLW      5
0x040B	0x00A8      	MOVWF      FARG_Lcd_Out_column
0x040C	0x3020      	MOVLW      ?lstr5_Project
0x040D	0x00A9      	MOVWF      FARG_Lcd_Out_text
0x040E	0x21C8      	CALL       _Lcd_Out
0x040F	0x3015      	MOVLW      21
0x0410	0x00FB      	MOVWF      R11
0x0411	0x304B      	MOVLW      75
0x0412	0x00FC      	MOVWF      R12
0x0413	0x30BE      	MOVLW      190
0x0414	0x00FD      	MOVWF      R13
L_main21:
0x0415	0x0BFD      	DECFSZ     R13, 1
0x0416	0x2C15      	GOTO       L_main21
0x0417	0x0BFC      	DECFSZ     R12, 1
0x0418	0x2C15      	GOTO       L_main21
0x0419	0x0BFB      	DECFSZ     R11, 1
0x041A	0x2C15      	GOTO       L_main21
0x041B	0x0000      	NOP
0x041C	0x214E      	CALL       _AutoCalibration
0x041D	0x3001      	MOVLW      1
0x041E	0x00B8      	MOVWF      FARG_Lcd_Cmd_out_char
0x041F	0x2045      	CALL       _Lcd_Cmd
L_main22:
0x0420	0x22B0      	CALL       _ReadSensors
0x0421	0x3000      	MOVLW      0
0x0422	0x0621      	XORWF      _Reading+1, 0
0x0423	0x1D03      	BTFSS      STATUS, 2
0x0424	0x2C27      	GOTO       L__main101
0x0425	0x3005      	MOVLW      5
0x0426	0x0620      	XORWF      _Reading, 0
L__main101:
0x0427	0x1903      	BTFSC      STATUS, 2
0x0428	0x2C32      	GOTO       L__main85
0x0429	0x3000      	MOVLW      0
0x042A	0x0621      	XORWF      _Reading+1, 0
0x042B	0x1D03      	BTFSS      STATUS, 2
0x042C	0x2C2F      	GOTO       L__main102
0x042D	0x3010      	MOVLW      16
0x042E	0x0620      	XORWF      _Reading, 0
L__main102:
0x042F	0x1903      	BTFSC      STATUS, 2
0x0430	0x2C32      	GOTO       L__main85
0x0431	0x2C44      	GOTO       L_main26
L__main85:
0x0432	0x1283      	BCF        STATUS, 5
0x0433	0x082C      	MOVF       _Speed, 0
0x0434	0x1683      	BSF        STATUS, 5
0x0435	0x00A7      	MOVWF      FARG_Motors_LM
0x0436	0x1283      	BCF        STATUS, 5
0x0437	0x082D      	MOVF       _Speed+1, 0
0x0438	0x1683      	BSF        STATUS, 5
0x0439	0x00A8      	MOVWF      FARG_Motors_LM+1
0x043A	0x1283      	BCF        STATUS, 5
0x043B	0x082C      	MOVF       _Speed, 0
0x043C	0x1683      	BSF        STATUS, 5
0x043D	0x00A9      	MOVWF      FARG_Motors_RM
0x043E	0x1283      	BCF        STATUS, 5
0x043F	0x082D      	MOVF       _Speed+1, 0
0x0440	0x1683      	BSF        STATUS, 5
0x0441	0x00AA      	MOVWF      FARG_Motors_RM+1
0x0442	0x2222      	CALL       _Motors
0x0443	0x2E26      	GOTO       L_main27
L_main26:
0x0444	0x3000      	MOVLW      0
0x0445	0x1683      	BSF        STATUS, 5
0x0446	0x0621      	XORWF      _Reading+1, 0
0x0447	0x1D03      	BTFSS      STATUS, 2
0x0448	0x2C4B      	GOTO       L__main103
0x0449	0x300E      	MOVLW      14
0x044A	0x0620      	XORWF      _Reading, 0
L__main103:
0x044B	0x1903      	BTFSC      STATUS, 2
0x044C	0x2C56      	GOTO       L__main84
0x044D	0x3000      	MOVLW      0
0x044E	0x0621      	XORWF      _Reading+1, 0
0x044F	0x1D03      	BTFSS      STATUS, 2
0x0450	0x2C53      	GOTO       L__main104
0x0451	0x3009      	MOVLW      9
0x0452	0x0620      	XORWF      _Reading, 0
L__main104:
0x0453	0x1903      	BTFSC      STATUS, 2
0x0454	0x2C56      	GOTO       L__main84
0x0455	0x2C62      	GOTO       L_main30
L__main84:
0x0456	0x1283      	BCF        STATUS, 5
0x0457	0x082C      	MOVF       _Speed, 0
0x0458	0x1683      	BSF        STATUS, 5
0x0459	0x00A7      	MOVWF      FARG_Motors_LM
0x045A	0x1283      	BCF        STATUS, 5
0x045B	0x082D      	MOVF       _Speed+1, 0
0x045C	0x1683      	BSF        STATUS, 5
0x045D	0x00A8      	MOVWF      FARG_Motors_LM+1
0x045E	0x01A9      	CLRF       FARG_Motors_RM
0x045F	0x01AA      	CLRF       FARG_Motors_RM+1
0x0460	0x2222      	CALL       _Motors
0x0461	0x2E26      	GOTO       L_main31
L_main30:
0x0462	0x3000      	MOVLW      0
0x0463	0x1683      	BSF        STATUS, 5
0x0464	0x0621      	XORWF      _Reading+1, 0
0x0465	0x1D03      	BTFSS      STATUS, 2
0x0466	0x2C69      	GOTO       L__main105
0x0467	0x301D      	MOVLW      29
0x0468	0x0620      	XORWF      _Reading, 0
L__main105:
0x0469	0x1903      	BTFSC      STATUS, 2
0x046A	0x2C74      	GOTO       L__main83
0x046B	0x3000      	MOVLW      0
0x046C	0x0621      	XORWF      _Reading+1, 0
0x046D	0x1D03      	BTFSS      STATUS, 2
0x046E	0x2C71      	GOTO       L__main106
0x046F	0x3014      	MOVLW      20
0x0470	0x0620      	XORWF      _Reading, 0
L__main106:
0x0471	0x1903      	BTFSC      STATUS, 2
0x0472	0x2C74      	GOTO       L__main83
0x0473	0x2C8A      	GOTO       L_main34
L__main83:
0x0474	0x1283      	BCF        STATUS, 5
0x0475	0x082C      	MOVF       _Speed, 0
0x0476	0x1683      	BSF        STATUS, 5
0x0477	0x00A7      	MOVWF      FARG_Motors_LM
0x0478	0x1283      	BCF        STATUS, 5
0x0479	0x082D      	MOVF       _Speed+1, 0
0x047A	0x1683      	BSF        STATUS, 5
0x047B	0x00A8      	MOVWF      FARG_Motors_LM+1
0x047C	0x1283      	BCF        STATUS, 5
0x047D	0x082C      	MOVF       _Speed, 0
0x047E	0x3C00      	SUBLW      0
0x047F	0x1683      	BSF        STATUS, 5
0x0480	0x00A9      	MOVWF      FARG_Motors_RM
0x0481	0x1283      	BCF        STATUS, 5
0x0482	0x082D      	MOVF       _Speed+1, 0
0x0483	0x1C03      	BTFSS      STATUS, 0
0x0484	0x3E01      	ADDLW      1
0x0485	0x1683      	BSF        STATUS, 5
0x0486	0x01AA      	CLRF       FARG_Motors_RM+1
0x0487	0x02AA      	SUBWF      FARG_Motors_RM+1, 1
0x0488	0x2222      	CALL       _Motors
0x0489	0x2E26      	GOTO       L_main35
L_main34:
0x048A	0x3000      	MOVLW      0
0x048B	0x1683      	BSF        STATUS, 5
0x048C	0x0621      	XORWF      _Reading+1, 0
0x048D	0x1D03      	BTFSS      STATUS, 2
0x048E	0x2C91      	GOTO       L__main107
0x048F	0x3022      	MOVLW      34
0x0490	0x0620      	XORWF      _Reading, 0
L__main107:
0x0491	0x1D03      	BTFSS      STATUS, 2
0x0492	0x2CD6      	GOTO       L_main36
0x0493	0x1283      	BCF        STATUS, 5
0x0494	0x082C      	MOVF       _Speed, 0
0x0495	0x1683      	BSF        STATUS, 5
0x0496	0x00A7      	MOVWF      FARG_Motors_LM
0x0497	0x1283      	BCF        STATUS, 5
0x0498	0x082D      	MOVF       _Speed+1, 0
0x0499	0x1683      	BSF        STATUS, 5
0x049A	0x00A8      	MOVWF      FARG_Motors_LM+1
0x049B	0x1283      	BCF        STATUS, 5
0x049C	0x082C      	MOVF       _Speed, 0
0x049D	0x1683      	BSF        STATUS, 5
0x049E	0x00A9      	MOVWF      FARG_Motors_RM
0x049F	0x1283      	BCF        STATUS, 5
0x04A0	0x082D      	MOVF       _Speed+1, 0
0x04A1	0x1683      	BSF        STATUS, 5
0x04A2	0x00AA      	MOVWF      FARG_Motors_RM+1
0x04A3	0x2222      	CALL       _Motors
0x04A4	0x3041      	MOVLW      65
0x04A5	0x00FC      	MOVWF      R12
0x04A6	0x30EE      	MOVLW      238
0x04A7	0x00FD      	MOVWF      R13
L_main37:
0x04A8	0x0BFD      	DECFSZ     R13, 1
0x04A9	0x2CA8      	GOTO       L_main37
0x04AA	0x0BFC      	DECFSZ     R12, 1
0x04AB	0x2CA8      	GOTO       L_main37
0x04AC	0x0000      	NOP
0x04AD	0x22B0      	CALL       _ReadSensors
0x04AE	0x3000      	MOVLW      0
0x04AF	0x0621      	XORWF      _Reading+1, 0
0x04B0	0x1D03      	BTFSS      STATUS, 2
0x04B1	0x2CB4      	GOTO       L__main108
0x04B2	0x3000      	MOVLW      0
0x04B3	0x0620      	XORWF      _Reading, 0
L__main108:
0x04B4	0x1D03      	BTFSS      STATUS, 2
0x04B5	0x2CD5      	GOTO       L_main38
L_main39:
0x04B6	0x1283      	BCF        STATUS, 5
0x04B7	0x082C      	MOVF       _Speed, 0
0x04B8	0x1683      	BSF        STATUS, 5
0x04B9	0x00A7      	MOVWF      FARG_Motors_LM
0x04BA	0x1283      	BCF        STATUS, 5
0x04BB	0x082D      	MOVF       _Speed+1, 0
0x04BC	0x1683      	BSF        STATUS, 5
0x04BD	0x00A8      	MOVWF      FARG_Motors_LM+1
0x04BE	0x1283      	BCF        STATUS, 5
0x04BF	0x082C      	MOVF       _Speed, 0
0x04C0	0x3C00      	SUBLW      0
0x04C1	0x1683      	BSF        STATUS, 5
0x04C2	0x00A9      	MOVWF      FARG_Motors_RM
0x04C3	0x1283      	BCF        STATUS, 5
0x04C4	0x082D      	MOVF       _Speed+1, 0
0x04C5	0x1C03      	BTFSS      STATUS, 0
0x04C6	0x3E01      	ADDLW      1
0x04C7	0x1683      	BSF        STATUS, 5
0x04C8	0x01AA      	CLRF       FARG_Motors_RM+1
0x04C9	0x02AA      	SUBWF      FARG_Motors_RM+1, 1
0x04CA	0x2222      	CALL       _Motors
0x04CB	0x22B0      	CALL       _ReadSensors
0x04CC	0x3000      	MOVLW      0
0x04CD	0x1283      	BCF        STATUS, 5
0x04CE	0x066A      	XORWF      _S4+1, 0
0x04CF	0x1D03      	BTFSS      STATUS, 2
0x04D0	0x2CD3      	GOTO       L__main109
0x04D1	0x3000      	MOVLW      0
0x04D2	0x0669      	XORWF      _S4, 0
L__main109:
0x04D3	0x1903      	BTFSC      STATUS, 2
0x04D4	0x2CB6      	GOTO       L_main39
L_main38:
0x04D5	0x2E26      	GOTO       L_main42
L_main36:
0x04D6	0x3000      	MOVLW      0
0x04D7	0x1683      	BSF        STATUS, 5
0x04D8	0x0621      	XORWF      _Reading+1, 0
0x04D9	0x1D03      	BTFSS      STATUS, 2
0x04DA	0x2CDD      	GOTO       L__main110
0x04DB	0x3007      	MOVLW      7
0x04DC	0x0620      	XORWF      _Reading, 0
L__main110:
0x04DD	0x1903      	BTFSC      STATUS, 2
0x04DE	0x2CE8      	GOTO       L__main82
0x04DF	0x3000      	MOVLW      0
0x04E0	0x0621      	XORWF      _Reading+1, 0
0x04E1	0x1D03      	BTFSS      STATUS, 2
0x04E2	0x2CE5      	GOTO       L__main111
0x04E3	0x3002      	MOVLW      2
0x04E4	0x0620      	XORWF      _Reading, 0
L__main111:
0x04E5	0x1903      	BTFSC      STATUS, 2
0x04E6	0x2CE8      	GOTO       L__main82
0x04E7	0x2D21      	GOTO       L_main45
L__main82:
0x04E8	0x1283      	BCF        STATUS, 5
0x04E9	0x082C      	MOVF       _Speed, 0
0x04EA	0x1683      	BSF        STATUS, 5
0x04EB	0x00A7      	MOVWF      FARG_Motors_LM
0x04EC	0x1283      	BCF        STATUS, 5
0x04ED	0x082D      	MOVF       _Speed+1, 0
0x04EE	0x1683      	BSF        STATUS, 5
0x04EF	0x00A8      	MOVWF      FARG_Motors_LM+1
0x04F0	0x1283      	BCF        STATUS, 5
0x04F1	0x082C      	MOVF       _Speed, 0
0x04F2	0x1683      	BSF        STATUS, 5
0x04F3	0x00A9      	MOVWF      FARG_Motors_RM
0x04F4	0x1283      	BCF        STATUS, 5
0x04F5	0x082D      	MOVF       _Speed+1, 0
0x04F6	0x1683      	BSF        STATUS, 5
0x04F7	0x00AA      	MOVWF      FARG_Motors_RM+1
0x04F8	0x2222      	CALL       _Motors
0x04F9	0x3034      	MOVLW      52
0x04FA	0x00FC      	MOVWF      R12
0x04FB	0x30F1      	MOVLW      241
0x04FC	0x00FD      	MOVWF      R13
L_main46:
0x04FD	0x0BFD      	DECFSZ     R13, 1
0x04FE	0x2CFD      	GOTO       L_main46
0x04FF	0x0BFC      	DECFSZ     R12, 1
0x0500	0x2CFD      	GOTO       L_main46
0x0501	0x0000      	NOP
0x0502	0x0000      	NOP
0x0503	0x3000      	MOVLW      0
0x0504	0x1683      	BSF        STATUS, 5
0x0505	0x0621      	XORWF      _Reading+1, 0
0x0506	0x1D03      	BTFSS      STATUS, 2
0x0507	0x2D0A      	GOTO       L__main112
0x0508	0x3007      	MOVLW      7
0x0509	0x0620      	XORWF      _Reading, 0
L__main112:
0x050A	0x1903      	BTFSC      STATUS, 2
0x050B	0x2D15      	GOTO       L__main81
0x050C	0x3000      	MOVLW      0
0x050D	0x0621      	XORWF      _Reading+1, 0
0x050E	0x1D03      	BTFSS      STATUS, 2
0x050F	0x2D12      	GOTO       L__main113
0x0510	0x3002      	MOVLW      2
0x0511	0x0620      	XORWF      _Reading, 0
L__main113:
0x0512	0x1903      	BTFSC      STATUS, 2
0x0513	0x2D15      	GOTO       L__main81
0x0514	0x2D20      	GOTO       L_main49
L__main81:
0x0515	0x01A7      	CLRF       FARG_Motors_LM
0x0516	0x01A8      	CLRF       FARG_Motors_LM+1
0x0517	0x1283      	BCF        STATUS, 5
0x0518	0x082C      	MOVF       _Speed, 0
0x0519	0x1683      	BSF        STATUS, 5
0x051A	0x00A9      	MOVWF      FARG_Motors_RM
0x051B	0x1283      	BCF        STATUS, 5
0x051C	0x082D      	MOVF       _Speed+1, 0
0x051D	0x1683      	BSF        STATUS, 5
0x051E	0x00AA      	MOVWF      FARG_Motors_RM+1
0x051F	0x2222      	CALL       _Motors
L_main49:
0x0520	0x2E26      	GOTO       L_main50
L_main45:
0x0521	0x3000      	MOVLW      0
0x0522	0x1683      	BSF        STATUS, 5
0x0523	0x0621      	XORWF      _Reading+1, 0
0x0524	0x1D03      	BTFSS      STATUS, 2
0x0525	0x2D28      	GOTO       L__main114
0x0526	0x3003      	MOVLW      3
0x0527	0x0620      	XORWF      _Reading, 0
L__main114:
0x0528	0x1903      	BTFSC      STATUS, 2
0x0529	0x2D33      	GOTO       L__main80
0x052A	0x3000      	MOVLW      0
0x052B	0x0621      	XORWF      _Reading+1, 0
0x052C	0x1D03      	BTFSS      STATUS, 2
0x052D	0x2D30      	GOTO       L__main115
0x052E	0x3001      	MOVLW      1
0x052F	0x0620      	XORWF      _Reading, 0
L__main115:
0x0530	0x1903      	BTFSC      STATUS, 2
0x0531	0x2D33      	GOTO       L__main80
0x0532	0x2D49      	GOTO       L_main53
L__main80:
0x0533	0x1283      	BCF        STATUS, 5
0x0534	0x082C      	MOVF       _Speed, 0
0x0535	0x3C00      	SUBLW      0
0x0536	0x1683      	BSF        STATUS, 5
0x0537	0x00A7      	MOVWF      FARG_Motors_LM
0x0538	0x1283      	BCF        STATUS, 5
0x0539	0x082D      	MOVF       _Speed+1, 0
0x053A	0x1C03      	BTFSS      STATUS, 0
0x053B	0x3E01      	ADDLW      1
0x053C	0x1683      	BSF        STATUS, 5
0x053D	0x01A8      	CLRF       FARG_Motors_LM+1
0x053E	0x02A8      	SUBWF      FARG_Motors_LM+1, 1
0x053F	0x1283      	BCF        STATUS, 5
0x0540	0x082C      	MOVF       _Speed, 0
0x0541	0x1683      	BSF        STATUS, 5
0x0542	0x00A9      	MOVWF      FARG_Motors_RM
0x0543	0x1283      	BCF        STATUS, 5
0x0544	0x082D      	MOVF       _Speed+1, 0
0x0545	0x1683      	BSF        STATUS, 5
0x0546	0x00AA      	MOVWF      FARG_Motors_RM+1
0x0547	0x2222      	CALL       _Motors
0x0548	0x2E26      	GOTO       L_main54
L_main53:
0x0549	0x3000      	MOVLW      0
0x054A	0x1683      	BSF        STATUS, 5
0x054B	0x0621      	XORWF      _Reading+1, 0
0x054C	0x1D03      	BTFSS      STATUS, 2
0x054D	0x2D50      	GOTO       L__main116
0x054E	0x3008      	MOVLW      8
0x054F	0x0620      	XORWF      _Reading, 0
L__main116:
0x0550	0x1D03      	BTFSS      STATUS, 2
0x0551	0x2D95      	GOTO       L_main55
0x0552	0x1283      	BCF        STATUS, 5
0x0553	0x082C      	MOVF       _Speed, 0
0x0554	0x1683      	BSF        STATUS, 5
0x0555	0x00A7      	MOVWF      FARG_Motors_LM
0x0556	0x1283      	BCF        STATUS, 5
0x0557	0x082D      	MOVF       _Speed+1, 0
0x0558	0x1683      	BSF        STATUS, 5
0x0559	0x00A8      	MOVWF      FARG_Motors_LM+1
0x055A	0x1283      	BCF        STATUS, 5
0x055B	0x082C      	MOVF       _Speed, 0
0x055C	0x1683      	BSF        STATUS, 5
0x055D	0x00A9      	MOVWF      FARG_Motors_RM
0x055E	0x1283      	BCF        STATUS, 5
0x055F	0x082D      	MOVF       _Speed+1, 0
0x0560	0x1683      	BSF        STATUS, 5
0x0561	0x00AA      	MOVWF      FARG_Motors_RM+1
0x0562	0x2222      	CALL       _Motors
0x0563	0x3041      	MOVLW      65
0x0564	0x00FC      	MOVWF      R12
0x0565	0x30EE      	MOVLW      238
0x0566	0x00FD      	MOVWF      R13
L_main56:
0x0567	0x0BFD      	DECFSZ     R13, 1
0x0568	0x2D67      	GOTO       L_main56
0x0569	0x0BFC      	DECFSZ     R12, 1
0x056A	0x2D67      	GOTO       L_main56
0x056B	0x0000      	NOP
0x056C	0x22B0      	CALL       _ReadSensors
0x056D	0x3000      	MOVLW      0
0x056E	0x0621      	XORWF      _Reading+1, 0
0x056F	0x1D03      	BTFSS      STATUS, 2
0x0570	0x2D73      	GOTO       L__main117
0x0571	0x3000      	MOVLW      0
0x0572	0x0620      	XORWF      _Reading, 0
L__main117:
0x0573	0x1D03      	BTFSS      STATUS, 2
0x0574	0x2D94      	GOTO       L_main57
L_main58:
0x0575	0x1283      	BCF        STATUS, 5
0x0576	0x082C      	MOVF       _Speed, 0
0x0577	0x3C00      	SUBLW      0
0x0578	0x1683      	BSF        STATUS, 5
0x0579	0x00A7      	MOVWF      FARG_Motors_LM
0x057A	0x1283      	BCF        STATUS, 5
0x057B	0x082D      	MOVF       _Speed+1, 0
0x057C	0x1C03      	BTFSS      STATUS, 0
0x057D	0x3E01      	ADDLW      1
0x057E	0x1683      	BSF        STATUS, 5
0x057F	0x01A8      	CLRF       FARG_Motors_LM+1
0x0580	0x02A8      	SUBWF      FARG_Motors_LM+1, 1
0x0581	0x1283      	BCF        STATUS, 5
0x0582	0x082C      	MOVF       _Speed, 0
0x0583	0x1683      	BSF        STATUS, 5
0x0584	0x00A9      	MOVWF      FARG_Motors_RM
0x0585	0x1283      	BCF        STATUS, 5
0x0586	0x082D      	MOVF       _Speed+1, 0
0x0587	0x1683      	BSF        STATUS, 5
0x0588	0x00AA      	MOVWF      FARG_Motors_RM+1
0x0589	0x2222      	CALL       _Motors
0x058A	0x22B0      	CALL       _ReadSensors
0x058B	0x3000      	MOVLW      0
0x058C	0x1283      	BCF        STATUS, 5
0x058D	0x0662      	XORWF      _S2+1, 0
0x058E	0x1D03      	BTFSS      STATUS, 2
0x058F	0x2D92      	GOTO       L__main118
0x0590	0x3000      	MOVLW      0
0x0591	0x0661      	XORWF      _S2, 0
L__main118:
0x0592	0x1903      	BTFSC      STATUS, 2
0x0593	0x2D75      	GOTO       L_main58
L_main57:
0x0594	0x2E26      	GOTO       L_main61
L_main55:
0x0595	0x3000      	MOVLW      0
0x0596	0x1683      	BSF        STATUS, 5
0x0597	0x0621      	XORWF      _Reading+1, 0
0x0598	0x1D03      	BTFSS      STATUS, 2
0x0599	0x2D9C      	GOTO       L__main119
0x059A	0x3025      	MOVLW      37
0x059B	0x0620      	XORWF      _Reading, 0
L__main119:
0x059C	0x1D03      	BTFSS      STATUS, 2
0x059D	0x2DBE      	GOTO       L_main62
0x059E	0x1283      	BCF        STATUS, 5
0x059F	0x082C      	MOVF       _Speed, 0
0x05A0	0x1683      	BSF        STATUS, 5
0x05A1	0x00A7      	MOVWF      FARG_Motors_LM
0x05A2	0x1283      	BCF        STATUS, 5
0x05A3	0x082D      	MOVF       _Speed+1, 0
0x05A4	0x1683      	BSF        STATUS, 5
0x05A5	0x00A8      	MOVWF      FARG_Motors_LM+1
0x05A6	0x1283      	BCF        STATUS, 5
0x05A7	0x082C      	MOVF       _Speed, 0
0x05A8	0x3C00      	SUBLW      0
0x05A9	0x1683      	BSF        STATUS, 5
0x05AA	0x00A9      	MOVWF      FARG_Motors_RM
0x05AB	0x1283      	BCF        STATUS, 5
0x05AC	0x082D      	MOVF       _Speed+1, 0
0x05AD	0x1C03      	BTFSS      STATUS, 0
0x05AE	0x3E01      	ADDLW      1
0x05AF	0x1683      	BSF        STATUS, 5
0x05B0	0x01AA      	CLRF       FARG_Motors_RM+1
0x05B1	0x02AA      	SUBWF      FARG_Motors_RM+1, 1
0x05B2	0x2222      	CALL       _Motors
L_main63:
0x05B3	0x22B0      	CALL       _ReadSensors
0x05B4	0x3000      	MOVLW      0
0x05B5	0x1283      	BCF        STATUS, 5
0x05B6	0x066A      	XORWF      _S4+1, 0
0x05B7	0x1D03      	BTFSS      STATUS, 2
0x05B8	0x2DBB      	GOTO       L__main120
0x05B9	0x3000      	MOVLW      0
0x05BA	0x0669      	XORWF      _S4, 0
L__main120:
0x05BB	0x1903      	BTFSC      STATUS, 2
0x05BC	0x2DB3      	GOTO       L_main63
0x05BD	0x2E26      	GOTO       L_main66
L_main62:
0x05BE	0x3000      	MOVLW      0
0x05BF	0x1683      	BSF        STATUS, 5
0x05C0	0x0621      	XORWF      _Reading+1, 0
0x05C1	0x1D03      	BTFSS      STATUS, 2
0x05C2	0x2DC5      	GOTO       L__main121
0x05C3	0x3000      	MOVLW      0
0x05C4	0x0620      	XORWF      _Reading, 0
L__main121:
0x05C5	0x1D03      	BTFSS      STATUS, 2
0x05C6	0x2E26      	GOTO       L_main71
0x05C7	0x3000      	MOVLW      0
0x05C8	0x1283      	BCF        STATUS, 5
0x05C9	0x066E      	XORWF      _S6+1, 0
0x05CA	0x1D03      	BTFSS      STATUS, 2
0x05CB	0x2DCE      	GOTO       L__main122
0x05CC	0x3001      	MOVLW      1
0x05CD	0x066D      	XORWF      _S6, 0
L__main122:
0x05CE	0x1D03      	BTFSS      STATUS, 2
0x05CF	0x2E26      	GOTO       L_main71
0x05D0	0x3000      	MOVLW      0
0x05D1	0x062B      	XORWF      _LR+1, 0
0x05D2	0x1D03      	BTFSS      STATUS, 2
0x05D3	0x2DD6      	GOTO       L__main123
0x05D4	0x301A      	MOVLW      26
0x05D5	0x062A      	XORWF      _LR, 0
L__main123:
0x05D6	0x1903      	BTFSC      STATUS, 2
0x05D7	0x2E26      	GOTO       L_main71
0x05D8	0x3000      	MOVLW      0
0x05D9	0x062B      	XORWF      _LR+1, 0
0x05DA	0x1D03      	BTFSS      STATUS, 2
0x05DB	0x2DDE      	GOTO       L__main124
0x05DC	0x3001      	MOVLW      1
0x05DD	0x062A      	XORWF      _LR, 0
L__main124:
0x05DE	0x1903      	BTFSC      STATUS, 2
0x05DF	0x2E26      	GOTO       L_main71
0x05E0	0x3000      	MOVLW      0
0x05E1	0x062B      	XORWF      _LR+1, 0
0x05E2	0x1D03      	BTFSS      STATUS, 2
0x05E3	0x2DE6      	GOTO       L__main125
0x05E4	0x3014      	MOVLW      20
0x05E5	0x062A      	XORWF      _LR, 0
L__main125:
0x05E6	0x1903      	BTFSC      STATUS, 2
0x05E7	0x2E26      	GOTO       L_main71
0x05E8	0x3000      	MOVLW      0
0x05E9	0x062B      	XORWF      _LR+1, 0
0x05EA	0x1D03      	BTFSS      STATUS, 2
0x05EB	0x2DEE      	GOTO       L__main126
0x05EC	0x3000      	MOVLW      0
0x05ED	0x062A      	XORWF      _LR, 0
L__main126:
0x05EE	0x1903      	BTFSC      STATUS, 2
0x05EF	0x2E26      	GOTO       L_main71
L__main79:
L__main78:
0x05F0	0x1687      	BSF        PORTC, 5
0x05F1	0x3001      	MOVLW      1
0x05F2	0x1683      	BSF        STATUS, 5
0x05F3	0x00A7      	MOVWF      FARG_Lcd_Out_row
0x05F4	0x3005      	MOVLW      5
0x05F5	0x00A8      	MOVWF      FARG_Lcd_Out_column
0x05F6	0x1283      	BCF        STATUS, 5
0x05F7	0x0833      	MOVF       _j, 0
0x05F8	0x3E2F      	ADDLW      _ch
0x05F9	0x0084      	MOVWF      FSR
0x05FA	0x0800      	MOVF       INDF, 0
0x05FB	0x1683      	BSF        STATUS, 5
0x05FC	0x00A9      	MOVWF      FARG_Lcd_Out_text
0x05FD	0x21C8      	CALL       _Lcd_Out
L_main72:
0x05FE	0x3000      	MOVLW      0
0x05FF	0x1683      	BSF        STATUS, 5
0x0600	0x0621      	XORWF      _Reading+1, 0
0x0601	0x1D03      	BTFSS      STATUS, 2
0x0602	0x2E05      	GOTO       L__main127
0x0603	0x3000      	MOVLW      0
0x0604	0x0620      	XORWF      _Reading, 0
L__main127:
0x0605	0x1D03      	BTFSS      STATUS, 2
0x0606	0x2E12      	GOTO       L_main73
0x0607	0x3000      	MOVLW      0
0x0608	0x1283      	BCF        STATUS, 5
0x0609	0x066E      	XORWF      _S6+1, 0
0x060A	0x1D03      	BTFSS      STATUS, 2
0x060B	0x2E0E      	GOTO       L__main128
0x060C	0x3001      	MOVLW      1
0x060D	0x066D      	XORWF      _S6, 0
L__main128:
0x060E	0x1D03      	BTFSS      STATUS, 2
0x060F	0x2E12      	GOTO       L_main73
L__main77:
0x0610	0x22B0      	CALL       _ReadSensors
0x0611	0x2DFE      	GOTO       L_main72
L_main73:
0x0612	0x1283      	BCF        STATUS, 5
0x0613	0x1287      	BCF        PORTC, 5
0x0614	0x0AB3      	INCF       _j, 1
0x0615	0x1903      	BTFSC      STATUS, 2
0x0616	0x0AB4      	INCF       _j+1, 1
0x0617	0x3080      	MOVLW      128
0x0618	0x00F0      	MOVWF      R0
0x0619	0x3080      	MOVLW      128
0x061A	0x0634      	XORWF      _j+1, 0
0x061B	0x0270      	SUBWF      R0, 0
0x061C	0x1D03      	BTFSS      STATUS, 2
0x061D	0x2E20      	GOTO       L__main129
0x061E	0x0833      	MOVF       _j, 0
0x061F	0x3C03      	SUBLW      3
L__main129:
0x0620	0x1803      	BTFSC      STATUS, 0
0x0621	0x2E26      	GOTO       L_main76
0x0622	0x3003      	MOVLW      3
0x0623	0x00B3      	MOVWF      _j
0x0624	0x3000      	MOVLW      0
0x0625	0x00B4      	MOVWF      _j+1
L_main76:
L_main71:
L_main66:
L_main61:
L_main54:
L_main50:
L_main42:
L_main35:
L_main31:
L_main27:
0x0626	0x1683      	BSF        STATUS, 5
0x0627	0x0820      	MOVF       _Reading, 0
0x0628	0x1283      	BCF        STATUS, 5
0x0629	0x00AA      	MOVWF      _LR
0x062A	0x1683      	BSF        STATUS, 5
0x062B	0x0821      	MOVF       _Reading+1, 0
0x062C	0x1283      	BCF        STATUS, 5
0x062D	0x00AB      	MOVWF      _LR+1
0x062E	0x2C20      	GOTO       L_main22
L_end_main:
0x062F	0x2E2F      	GOTO       $+0
; end of _main
0x0676	0x3020      	MOVLW      32
0x0677	0x0084      	MOVWF      FSR
0x0678	0x3041      	MOVLW      65
0x0679	0x1283      	BCF        STATUS, 5
0x067A	0x1303      	BCF        STATUS, 6
0x067B	0x00F0      	MOVWF      R0
0x067C	0x3035      	MOVLW      53
0x067D	0x00E5      	MOVWF      ___DoICPAddr
0x067E	0x3006      	MOVLW      6
0x067F	0x00E6      	MOVWF      102
0x0680	0x23D0      	CALL       976
0x0681	0x0008      	RETURN
;Project.c,0 :: ?ICS?lstr5_Project
0x0635	0x3464 ;?ICS?lstr5_Project+0
0x0636	0x3469 ;?ICS?lstr5_Project+1
0x0637	0x3467 ;?ICS?lstr5_Project+2
0x0638	0x3469 ;?ICS?lstr5_Project+3
0x0639	0x346D ;?ICS?lstr5_Project+4
0x063A	0x3469 ;?ICS?lstr5_Project+5
0x063B	0x346E ;?ICS?lstr5_Project+6
0x063C	0x3464 ;?ICS?lstr5_Project+7
0x063D	0x3473 ;?ICS?lstr5_Project+8
0x063E	0x3400 ;?ICS?lstr5_Project+9
; end of ?ICS?lstr5_Project
;Project.c,0 :: ?ICS_LR
0x063F	0x3400 ;?ICS_LR+0
0x0640	0x3400 ;?ICS_LR+1
; end of ?ICS_LR
;Project.c,0 :: ?ICS_Speed
0x0641	0x34E6 ;?ICS_Speed+0
0x0642	0x3400 ;?ICS_Speed+1
; end of ?ICS_Speed
;__Lib_ADC_A_C.c,0 :: ?ICS_vref_mask
0x0643	0x340F ;?ICS_vref_mask+0
; end of ?ICS_vref_mask
;Project.c,0 :: ?ICS_ch
0x0644	0x344B ;?ICS_ch+0
0x0645	0x3456 ;?ICS_ch+1
0x0646	0x3440 ;?ICS_ch+2
0x0647	0x3435 ;?ICS_ch+3
; end of ?ICS_ch
;Project.c,0 :: ?ICS_j
0x0648	0x3400 ;?ICS_j+0
0x0649	0x3400 ;?ICS_j+1
; end of ?ICS_j
;Project.c,0 :: ?ICS?lstr4_Project
0x064A	0x3420 ;?ICS?lstr4_Project+0
0x064B	0x3420 ;?ICS?lstr4_Project+1
0x064C	0x3420 ;?ICS?lstr4_Project+2
0x064D	0x3420 ;?ICS?lstr4_Project+3
0x064E	0x3444 ;?ICS?lstr4_Project+4
0x064F	0x3420 ;?ICS?lstr4_Project+5
0x0650	0x3420 ;?ICS?lstr4_Project+6
0x0651	0x3420 ;?ICS?lstr4_Project+7
0x0652	0x3420 ;?ICS?lstr4_Project+8
0x0653	0x3420 ;?ICS?lstr4_Project+9
0x0654	0x3400 ;?ICS?lstr4_Project+10
; end of ?ICS?lstr4_Project
;Project.c,0 :: ?ICS?lstr3_Project
0x0655	0x3420 ;?ICS?lstr3_Project+0
0x0656	0x3420 ;?ICS?lstr3_Project+1
0x0657	0x3420 ;?ICS?lstr3_Project+2
0x0658	0x3420 ;?ICS?lstr3_Project+3
0x0659	0x3443 ;?ICS?lstr3_Project+4
0x065A	0x3420 ;?ICS?lstr3_Project+5
0x065B	0x3420 ;?ICS?lstr3_Project+6
0x065C	0x3420 ;?ICS?lstr3_Project+7
0x065D	0x3420 ;?ICS?lstr3_Project+8
0x065E	0x3420 ;?ICS?lstr3_Project+9
0x065F	0x3400 ;?ICS?lstr3_Project+10
; end of ?ICS?lstr3_Project
;Project.c,0 :: ?ICS?lstr1_Project
0x0660	0x3420 ;?ICS?lstr1_Project+0
0x0661	0x3420 ;?ICS?lstr1_Project+1
0x0662	0x3420 ;?ICS?lstr1_Project+2
0x0663	0x3420 ;?ICS?lstr1_Project+3
0x0664	0x3441 ;?ICS?lstr1_Project+4
0x0665	0x3420 ;?ICS?lstr1_Project+5
0x0666	0x3420 ;?ICS?lstr1_Project+6
0x0667	0x3420 ;?ICS?lstr1_Project+7
0x0668	0x3420 ;?ICS?lstr1_Project+8
0x0669	0x3420 ;?ICS?lstr1_Project+9
0x066A	0x3400 ;?ICS?lstr1_Project+10
; end of ?ICS?lstr1_Project
;Project.c,0 :: ?ICS?lstr2_Project
0x066B	0x3420 ;?ICS?lstr2_Project+0
0x066C	0x3420 ;?ICS?lstr2_Project+1
0x066D	0x3420 ;?ICS?lstr2_Project+2
0x066E	0x3420 ;?ICS?lstr2_Project+3
0x066F	0x3442 ;?ICS?lstr2_Project+4
0x0670	0x3420 ;?ICS?lstr2_Project+5
0x0671	0x3420 ;?ICS?lstr2_Project+6
0x0672	0x3420 ;?ICS?lstr2_Project+7
0x0673	0x3420 ;?ICS?lstr2_Project+8
0x0674	0x3420 ;?ICS?lstr2_Project+9
0x0675	0x3400 ;?ICS?lstr2_Project+10
; end of ?ICS?lstr2_Project
Symbol List:
//** Routines locations **
//ADDRESS    SIZE    PROCEDURE
//----------------------------------------------
0x0003       [3]    _Delay_1us
0x0006       [7]    _Delay_50us
0x000D      [13]    _Delay_5500us
0x001A      [43]    _Mul_16X16_U
0x0045      [87]    _Lcd_Cmd
0x009C       [8]    _Delay_22us
0x00A4       [7]    _____DoICP
0x00AB      [40]    _ADC_Read
0x00D3       [9]    _Lcd_Chr_CP
0x00DC      [57]    _PWM2_Set_Duty
0x0115      [57]    _PWM1_Set_Duty
0x014E     [114]    _AutoCalibration
0x01C0       [8]    _PWM2_Start
0x01C8      [67]    _Lcd_Out
0x020B      [23]    _ADC_Init
0x0222      [58]    _Motors
0x025C      [78]    _Lcd_Init
0x02AA       [6]    _PWM2_Init
0x02B0     [280]    _ReadSensors
0x03C8       [8]    _PWM1_Start
0x03D0      [12]    ___CC2DW
0x03DC       [6]    _PWM1_Init
0x03E2     [589]    _main
//** Variables locations ** 
//ADDRESS    SIZE    VARIABLE
//----------------------------------------------
0x0000       [1]    INDF
0x0002       [1]    PCL
0x0003       [1]    STATUS
0x0004       [1]    FSR
0x0006       [0]    RB5_bit
0x0006       [0]    RB4_bit
0x0006       [0]    LCD_D6
0x0006       [0]    LCD_EN
0x0006       [0]    LCD_RS
0x0006       [0]    LCD_D5
0x0006       [0]    LCD_D7
0x0006       [0]    RB1_bit
0x0006       [1]    PORTB
0x0006       [0]    RB0_bit
0x0006       [0]    LCD_D4
0x0006       [0]    RB3_bit
0x0006       [0]    RB2_bit
0x0007       [1]    PORTC
0x0008       [1]    PORTD
0x000A       [1]    PCLATH
0x0012       [1]    T2CON
0x0015       [1]    CCPR1L
0x0017       [1]    CCP1CON
0x001B       [1]    CCPR2L
0x001D       [1]    CCP2CON
0x001E       [1]    ADRESH
0x001F       [1]    ADCON0
0x0020      [10]    ?lstr5_Project
0x002A       [2]    _LR
0x002C       [2]    _Speed
0x002E       [1]    _vref_mask
0x002F       [4]    _ch
0x0033       [2]    _j
0x0035      [11]    ?lstr4_Project
0x0040      [11]    ?lstr3_Project
0x004B      [11]    ?lstr1_Project
0x0056      [11]    ?lstr2_Project
0x0061       [2]    _S2
0x0063       [2]    _S1
0x0065       [2]    ___DoICPAddr
0x0067       [2]    _S5
0x0069       [2]    _S4
0x006B       [2]    _S3
0x006D       [2]    _S6
0x006F       [0]    __Lib_Lcd_cmd_status
0x0070       [1]    R0
0x0071       [1]    R1
0x0072       [1]    R2
0x0073       [1]    R3
0x0074       [1]    R4
0x0075       [1]    R5
0x0076       [1]    R6
0x0077       [1]    R7
0x0078       [1]    R8
0x0079       [1]    R9
0x007A       [1]    R10
0x007B       [1]    R11
0x007C       [1]    R12
0x007D       [1]    R13
0x007E       [1]    R14
0x007F       [1]    R15
0x0086       [0]    TRISB2_bit
0x0086       [0]    TRISB1_bit
0x0086       [0]    TRISB0_bit
0x0086       [0]    TRISB3_bit
0x0086       [0]    TRISB4_bit
0x0086       [0]    TRISB5_bit
0x0086       [0]    LCD_EN_Direction
0x0086       [0]    LCD_RS_Direction
0x0086       [1]    TRISB
0x0086       [0]    LCD_D4_Direction
0x0086       [0]    LCD_D7_Direction
0x0086       [0]    LCD_D6_Direction
0x0086       [0]    LCD_D5_Direction
0x0087       [1]    TRISC
0x0087       [0]    TRISC1_bit
0x0087       [0]    TRISC2_bit
0x0088       [1]    TRISD
0x0092       [1]    PR2
0x009E       [1]    ADRESL
0x009F       [1]    ADCON1
0x00A0       [2]    _Reading
0x00A2       [2]    _Limit
0x00A4       [3]    _ADC_Get_Sample_Ptr
0x00A7       [4]    FARG_PWM2_Init_PWM_Freq
0x00A7      [12]    AutoCalibration_S_L0
0x00A7       [2]    FARG_Motors_LM
0x00A7       [4]    FARG_PWM1_Init_PWM_Freq
0x00A7       [1]    FARG_Lcd_Out_row
0x00A8       [1]    FARG_Lcd_Out_column
0x00A9       [1]    FARG_Lcd_Out_text
0x00A9       [2]    FARG_Motors_RM
0x00AA       [1]    Lcd_Out_i_L0
0x00B3       [2]    AutoCalibration_Max1_L0
0x00B5       [2]    AutoCalibration_i_L0
0x00B7       [1]    FARG_Lcd_Chr_CP_out_char
0x00B7       [1]    FARG_PWM1_Set_Duty_new_duty
0x00B7       [1]    FARG_PWM2_Set_Duty_new_duty
0x00B7       [1]    FARG_ADC_Read_channel
0x00B8       [1]    FARG_Lcd_Cmd_out_char
//** Constants locations ** 
//ADDRESS    SIZE    CONSTANT
//----------------------------------------------
0x0635      [10]    ?ICS?lstr5_Project
0x063F       [2]    ?ICS_LR
0x0641       [2]    ?ICS_Speed
0x0643       [1]    ?ICS_vref_mask
0x0644       [4]    ?ICS_ch
0x0648       [2]    ?ICS_j
0x064A      [11]    ?ICS?lstr4_Project
0x0655      [11]    ?ICS?lstr3_Project
0x0660      [11]    ?ICS?lstr1_Project
0x066B      [11]    ?ICS?lstr2_Project
